Using pre-set license
Built from '2022.1/staging' branch; Version is '2022.1.23f1 (9636b062134a) revision 9844400'; Using compiler version '192829333'; Build Type 'Release'
OS: 'Windows 11  (10.0.22621) 64bit Core' Language: 'en' Physical Memory: 32507 MB
BatchMode: 1, IsHumanControllingUs: 0, StartBugReporterOnCrash: 0, Is64bit: 1, IsPro: 1

COMMAND LINE ARGUMENTS:
C:\Program Files\Unity\Hub\Editor\2022.1.23f1\Editor\Unity.exe
-adb2
-batchMode
-noUpm
-name
AssetImportWorker1
-projectPath
C:/Users/diana/OneDrive/Documents/GitHub/EGD_game_a/Uber Simulator
-logFile
Logs/AssetImportWorker1.log
-srvPort
62053
Successfully changed project path to: C:/Users/diana/OneDrive/Documents/GitHub/EGD_game_a/Uber Simulator
C:/Users/diana/OneDrive/Documents/GitHub/EGD_game_a/Uber Simulator
[UnityMemory] Configuration Parameters - Can be set up in boot.config
    "memorysetup-bucket-allocator-granularity=16"
    "memorysetup-bucket-allocator-bucket-count=8"
    "memorysetup-bucket-allocator-block-size=33554432"
    "memorysetup-bucket-allocator-block-count=8"
    "memorysetup-main-allocator-block-size=16777216"
    "memorysetup-thread-allocator-block-size=16777216"
    "memorysetup-gfx-main-allocator-block-size=16777216"
    "memorysetup-gfx-thread-allocator-block-size=16777216"
    "memorysetup-cache-allocator-block-size=4194304"
    "memorysetup-typetree-allocator-block-size=2097152"
    "memorysetup-profiler-bucket-allocator-granularity=16"
    "memorysetup-profiler-bucket-allocator-bucket-count=8"
    "memorysetup-profiler-bucket-allocator-block-size=33554432"
    "memorysetup-profiler-bucket-allocator-block-count=8"
    "memorysetup-profiler-allocator-block-size=16777216"
    "memorysetup-profiler-editor-allocator-block-size=1048576"
    "memorysetup-temp-allocator-size-main=16777216"
    "memorysetup-job-temp-allocator-block-size=2097152"
    "memorysetup-job-temp-allocator-block-size-background=1048576"
    "memorysetup-job-temp-allocator-reduction-small-platforms=262144"
    "memorysetup-temp-allocator-size-background-worker=32768"
    "memorysetup-temp-allocator-size-job-worker=262144"
    "memorysetup-temp-allocator-size-preload-manager=33554432"
    "memorysetup-temp-allocator-size-nav-mesh-worker=65536"
    "memorysetup-temp-allocator-size-audio-worker=65536"
    "memorysetup-temp-allocator-size-cloud-worker=32768"
    "memorysetup-temp-allocator-size-gi-baking-worker=262144"
    "memorysetup-temp-allocator-size-gfx=262144"
Refreshing native plugins compatible for Editor in 51.11 ms, found 3 plugins.
Preloading 0 native plugins for Editor in 0.00 ms.
Initialize engine version: 2022.1.23f1 (9636b062134a)
[Subsystems] Discovering subsystems at path C:/Program Files/Unity/Hub/Editor/2022.1.23f1/Editor/Data/Resources/UnitySubsystems
[Subsystems] Discovering subsystems at path C:/Users/diana/OneDrive/Documents/GitHub/EGD_game_a/Uber Simulator/Assets
GfxDevice: creating device client; threaded=0; jobified=0
Direct3D:
    Version:  Direct3D 11.0 [level 11.1]
    Renderer: NVIDIA GeForce RTX 4070 Laptop GPU (ID=0x2860)
    Vendor:   NVIDIA
    VRAM:     7962 MB
    Driver:   31.0.15.3210
Initialize mono
Mono path[0] = 'C:/Program Files/Unity/Hub/Editor/2022.1.23f1/Editor/Data/Managed'
Mono path[1] = 'C:/Program Files/Unity/Hub/Editor/2022.1.23f1/Editor/Data/MonoBleedingEdge/lib/mono/unityjit-win32'
Mono config path = 'C:/Program Files/Unity/Hub/Editor/2022.1.23f1/Editor/Data/MonoBleedingEdge/etc'
Using monoOptions --debugger-agent=transport=dt_socket,embedding=1,server=y,suspend=n,address=127.0.0.1:56352
Begin MonoManager ReloadAssembly
Registering precompiled unity dll's ...
Register platform support module: C:/Program Files/Unity/Hub/Editor/2022.1.23f1/Editor/Data/PlaybackEngines/WebGLSupport/UnityEditor.WebGL.Extensions.dll
Register platform support module: C:/Program Files/Unity/Hub/Editor/2022.1.23f1/Editor/Data/PlaybackEngines/MacStandaloneSupport/UnityEditor.OSXStandalone.Extensions.dll
Register platform support module: C:/Program Files/Unity/Hub/Editor/2022.1.23f1/Editor/Data/PlaybackEngines/AndroidPlayer/UnityEditor.Android.Extensions.dll
Register platform support module: C:/Program Files/Unity/Hub/Editor/2022.1.23f1/Editor/Data/PlaybackEngines/iOSSupport/UnityEditor.iOS.Extensions.dll
Register platform support module: C:/Program Files/Unity/Hub/Editor/2022.1.23f1/Editor/Data/PlaybackEngines/WindowsStandaloneSupport/UnityEditor.WindowsStandalone.Extensions.dll
Register platform support module: C:/Program Files/Unity/Hub/Editor/2022.1.23f1/Editor/Data/PlaybackEngines/MetroSupport/UnityEditor.UWP.Extensions.dll
Registered in 0.005042 seconds.
Native extension for UWP target not found
Native extension for WindowsStandalone target not found
[usbmuxd] Start listen thread
[usbmuxd] Listen thread started
Native extension for iOS target not found
Native extension for Android target not found
Native extension for OSXStandalone target not found
Native extension for WebGL target not found
Refreshing native plugins compatible for Editor in 50.80 ms, found 3 plugins.
Preloading 0 native plugins for Editor in 0.00 ms.
Mono: successfully reloaded assembly
- Completed reload, in  0.594 seconds
Domain Reload Profiling:
	ReloadAssembly (595ms)
		BeginReloadAssembly (101ms)
			ExecutionOrderSort (0ms)
			DisableScriptedObjects (0ms)
			BackupInstance (0ms)
			ReleaseScriptingObjects (0ms)
			CreateAndSetChildDomain (0ms)
		EndReloadAssembly (408ms)
			LoadAssemblies (101ms)
			RebuildTransferFunctionScriptingTraits (0ms)
			SetupTypeCache (105ms)
				TypeCache.Initialize (104ms)
					TypeCache.ScanAssembly (104ms)
				ResolveRequiredComponents (0ms)
			ReleaseScriptCaches (0ms)
			RebuildScriptCaches (29ms)
			SetupLoadedEditorAssemblies (235ms)
				LogAssemblyErrors (0ms)
				InitializePlatformSupportModulesInManaged (59ms)
				SetLoadedEditorAssemblies (8ms)
				RefreshPlugins (51ms)
				BeforeProcessingInitializeOnLoad (1ms)
				ProcessInitializeOnLoadAttributes (81ms)
				ProcessInitializeOnLoadMethodAttributes (35ms)
				AfterProcessingInitializeOnLoad (0ms)
				EditorAssembliesLoaded (0ms)
			ExecutionOrderSort2 (0ms)
			AwakeInstancesAfterBackupRestoration (0ms)
Platform modules already initialized, skipping
Registering precompiled user dll's ...
Registered in 0.002461 seconds.
Android Extension - Scanning For ADB Devices 651 ms
Begin MonoManager ReloadAssembly
Symbol file data-000001CFF9D4B020 doesn't match image C:\Users\diana\OneDrive\Documents\GitHub\EGD_game_a\Uber Simulator\Library\ScriptAssemblies\Unity.VisualScripting.Flow.Editor.dll
Symbol file LoadedFromMemory is not a mono symbol file
Symbol file data-000001CFF9D4B020 doesn't match image C:\Users\diana\OneDrive\Documents\GitHub\EGD_game_a\Uber Simulator\Library\ScriptAssemblies\Unity.VSCode.Editor.dll
Symbol file LoadedFromMemory is not a mono symbol file
Symbol file data-000001CFF9D4B020 doesn't match image C:\Users\diana\OneDrive\Documents\GitHub\EGD_game_a\Uber Simulator\Library\ScriptAssemblies\Unity.TextMeshPro.Editor.dll
Symbol file LoadedFromMemory is not a mono symbol file
Symbol file data-000001CFF9D4B020 doesn't match image C:\Users\diana\OneDrive\Documents\GitHub\EGD_game_a\Uber Simulator\Library\ScriptAssemblies\Unity.Services.Core.Telemetry.dll
Symbol file LoadedFromMemory is not a mono symbol file
Symbol file data-000001CFF9D4B020 doesn't match image C:\Users\diana\OneDrive\Documents\GitHub\EGD_game_a\Uber Simulator\Library\ScriptAssemblies\Unity.Performance.Profile-Analyzer.Editor.dll
Symbol file LoadedFromMemory is not a mono symbol file
Symbol file data-000001CFF9D4B020 doesn't match image C:\Users\diana\OneDrive\Documents\GitHub\EGD_game_a\Uber Simulator\Library\ScriptAssemblies\Unity.TestTools.CodeCoverage.Editor.OpenCover.Model.dll
Symbol file LoadedFromMemory is not a mono symbol file
Symbol file data-000001CFF9F7DC00 doesn't match image C:\Users\diana\OneDrive\Documents\GitHub\EGD_game_a\Uber Simulator\Library\ScriptAssemblies\Unity.Timeline.dll
Symbol file LoadedFromMemory is not a mono symbol file
Symbol file data-000001CFF93AC010 doesn't match image C:\Users\diana\OneDrive\Documents\GitHub\EGD_game_a\Uber Simulator\Library\ScriptAssemblies\Unity.VisualScripting.Core.Editor.dll
Symbol file LoadedFromMemory is not a mono symbol file
Symbol file data-000001CFF97FA010 doesn't match image C:\Users\diana\OneDrive\Documents\GitHub\EGD_game_a\Uber Simulator\Library\ScriptAssemblies\Unity.TextMeshPro.dll
Symbol file LoadedFromMemory is not a mono symbol file
Symbol file data-000001CFF98A2E20 doesn't match image C:\Users\diana\OneDrive\Documents\GitHub\EGD_game_a\Uber Simulator\Library\ScriptAssemblies\Unity.VisualScripting.State.Editor.dll
Symbol file LoadedFromMemory is not a mono symbol file
Symbol file data-000001CFF74E43C0 doesn't match image C:\Users\diana\OneDrive\Documents\GitHub\EGD_game_a\Uber Simulator\Library\ScriptAssemblies\Unity.Services.Core.Networking.dll
Symbol file LoadedFromMemory is not a mono symbol file
Symbol file data-000001CFF7D3F420 doesn't match image C:\Users\diana\OneDrive\Documents\GitHub\EGD_game_a\Uber Simulator\Library\ScriptAssemblies\Unity.VisualScripting.SettingsProvider.Editor.dll
Symbol file LoadedFromMemory is not a mono symbol file
Symbol file data-000001CFF7D3F420 doesn't match image C:\Users\diana\OneDrive\Documents\GitHub\EGD_game_a\Uber Simulator\Library\ScriptAssemblies\Unity.TestTools.CodeCoverage.Editor.OpenCover.Mono.Reflection.dll
Symbol file LoadedFromMemory is not a mono symbol file
Symbol file data-000001CFF7BFD4C0 doesn't match image C:\Users\diana\OneDrive\Documents\GitHub\EGD_game_a\Uber Simulator\Library\ScriptAssemblies\Unity.VisualScripting.Flow.dll
Symbol file LoadedFromMemory is not a mono symbol file
Symbol file data-000001CFF7BFD4C0 doesn't match image C:\Users\diana\OneDrive\Documents\GitHub\EGD_game_a\Uber Simulator\Library\ScriptAssemblies\UnityEditor.UI.dll
Symbol file LoadedFromMemory is not a mono symbol file
Symbol file data-000001CFF7BFD4C0 doesn't match image C:\Users\diana\OneDrive\Documents\GitHub\EGD_game_a\Uber Simulator\Library\ScriptAssemblies\Unity.PlasticSCM.Editor.dll
Symbol file LoadedFromMemory is not a mono symbol file
Symbol file data-000001CFF7C26A90 doesn't match image C:\Users\diana\OneDrive\Documents\GitHub\EGD_game_a\Uber Simulator\Library\ScriptAssemblies\Unity.Services.Core.Internal.dll
Symbol file LoadedFromMemory is not a mono symbol file
Symbol file data-000001CFF9692020 doesn't match image C:\Users\diana\OneDrive\Documents\GitHub\EGD_game_a\Uber Simulator\Library\ScriptAssemblies\UnityEngine.UI.dll
Symbol file LoadedFromMemory is not a mono symbol file
Symbol file data-000001CFF7DF9A20 doesn't match image C:\Users\diana\OneDrive\Documents\GitHub\EGD_game_a\Uber Simulator\Library\ScriptAssemblies\Febucci.HierarchyIcons.dll
Symbol file LoadedFromMemory is not a mono symbol file
Symbol file data-000001CFF7DF9A20 doesn't match image C:\Users\diana\OneDrive\Documents\GitHub\EGD_game_a\Uber Simulator\Library\ScriptAssemblies\Unity.Services.Core.Configuration.dll
Symbol file LoadedFromMemory is not a mono symbol file
Symbol file data-000001CFF7DF9A20 doesn't match image C:\Users\diana\OneDrive\Documents\GitHub\EGD_game_a\Uber Simulator\Library\ScriptAssemblies\Unity.Services.Core.dll
Symbol file LoadedFromMemory is not a mono symbol file
Symbol file data-000001CFF9692020 doesn't match image C:\Users\diana\OneDrive\Documents\GitHub\EGD_game_a\Uber Simulator\Library\ScriptAssemblies\Unity.VisualScripting.Core.dll
Symbol file LoadedFromMemory is not a mono symbol file
Symbol file data-000001CFF74E43C0 doesn't match image C:\Users\diana\OneDrive\Documents\GitHub\EGD_game_a\Uber Simulator\Library\ScriptAssemblies\Unity.EditorCoroutines.Editor.dll
Symbol file LoadedFromMemory is not a mono symbol file
Symbol file data-000001CFF7C37EA0 doesn't match image C:\Users\diana\OneDrive\Documents\GitHub\EGD_game_a\Uber Simulator\Library\ScriptAssemblies\Unity.Services.Core.Editor.dll
Symbol file LoadedFromMemory is not a mono symbol file
Symbol file data-000001CFF7DF9A20 doesn't match image C:\Users\diana\OneDrive\Documents\GitHub\EGD_game_a\Uber Simulator\Library\ScriptAssemblies\Unity.Services.Core.Configuration.Editor.dll
Symbol file LoadedFromMemory is not a mono symbol file
Symbol file data-000001CFFA5C7EF0 doesn't match image C:\Users\diana\OneDrive\Documents\GitHub\EGD_game_a\Uber Simulator\Library\ScriptAssemblies\Unity.Services.Core.Analytics.dll
Symbol file LoadedFromMemory is not a mono symbol file
Symbol file data-000001CFF7DF9A20 doesn't match image C:\Users\diana\OneDrive\Documents\GitHub\EGD_game_a\Uber Simulator\Library\ScriptAssemblies\Unity.Services.Core.Registration.dll
Symbol file LoadedFromMemory is not a mono symbol file
Symbol file data-000001CFF7DF9A20 doesn't match image C:\Users\diana\OneDrive\Documents\GitHub\EGD_game_a\Uber Simulator\Library\ScriptAssemblies\Unity.VisualScripting.Shared.Editor.dll
Symbol file LoadedFromMemory is not a mono symbol file
Symbol file data-000001CFF7DF9A20 doesn't match image C:\Users\diana\OneDrive\Documents\GitHub\EGD_game_a\Uber Simulator\Library\ScriptAssemblies\Unity.Services.Core.Environments.dll
Symbol file LoadedFromMemory is not a mono symbol file
Symbol file data-000001CFF9F93010 doesn't match image C:\Users\diana\OneDrive\Documents\GitHub\EGD_game_a\Uber Simulator\Library\ScriptAssemblies\Unity.Settings.Editor.dll
Symbol file LoadedFromMemory is not a mono symbol file
Symbol file data-000001CFF7DF9A20 doesn't match image C:\Users\diana\OneDrive\Documents\GitHub\EGD_game_a\Uber Simulator\Library\ScriptAssemblies\Unity.Services.Core.Scheduler.dll
Symbol file LoadedFromMemory is not a mono symbol file
Symbol file data-000001CFFA5C7EF0 doesn't match image C:\Users\diana\OneDrive\Documents\GitHub\EGD_game_a\Uber Simulator\Library\ScriptAssemblies\Unity.Services.Core.Environments.Internal.dll
Symbol file LoadedFromMemory is not a mono symbol file
Symbol file data-000001CFF9692020 doesn't match image C:\Users\diana\OneDrive\Documents\GitHub\EGD_game_a\Uber Simulator\Library\ScriptAssemblies\Unity.Timeline.Editor.dll
Symbol file LoadedFromMemory is not a mono symbol file
Symbol file data-000001CFF96BAA30 doesn't match image C:\Users\diana\OneDrive\Documents\GitHub\EGD_game_a\Uber Simulator\Library\ScriptAssemblies\Unity.CollabProxy.Editor.dll
Symbol file LoadedFromMemory is not a mono symbol file
Symbol file data-000001CFF7DF9A20 doesn't match image C:\Users\diana\OneDrive\Documents\GitHub\EGD_game_a\Uber Simulator\Library\ScriptAssemblies\Unity.Services.Core.Threading.dll
Symbol file LoadedFromMemory is not a mono symbol file
Symbol file data-000001CFF93FC220 doesn't match image C:\Users\diana\OneDrive\Documents\GitHub\EGD_game_a\Uber Simulator\Library\ScriptAssemblies\Unity.VisualScripting.State.dll
Symbol file LoadedFromMemory is not a mono symbol file
Symbol file data-000001CFF7DF9A20 doesn't match image C:\Users\diana\OneDrive\Documents\GitHub\EGD_game_a\Uber Simulator\Library\ScriptAssemblies\Unity.Services.Core.Device.dll
Symbol file LoadedFromMemory is not a mono symbol file
Symbol file LoadedFromMemory doesn't match image C:\Users\diana\OneDrive\Documents\GitHub\EGD_game_a\Uber Simulator\Library\PackageCache\com.unity.visualscripting@1.7.8\Editor\VisualScripting.Core\Dependencies\YamlDotNet\Unity.VisualScripting.YamlDotNet.dll
Symbol file LoadedFromMemory doesn't match image C:\Users\diana\OneDrive\Documents\GitHub\EGD_game_a\Uber Simulator\Library\PackageCache\com.unity.visualscripting@1.7.8\Editor\VisualScripting.Core\Dependencies\DotNetZip\Unity.VisualScripting.IonicZip.dll
Native extension for UWP target not found
Native extension for WindowsStandalone target not found
Native extension for iOS target not found
Native extension for Android target not found
Native extension for OSXStandalone target not found
Native extension for WebGL target not found
Refreshing native plugins compatible for Editor in 0.40 ms, found 3 plugins.
Preloading 0 native plugins for Editor in 0.00 ms.
Mono: successfully reloaded assembly
- Completed reload, in  0.730 seconds
Domain Reload Profiling:
	ReloadAssembly (731ms)
		BeginReloadAssembly (77ms)
			ExecutionOrderSort (0ms)
			DisableScriptedObjects (3ms)
			BackupInstance (0ms)
			ReleaseScriptingObjects (0ms)
			CreateAndSetChildDomain (14ms)
		EndReloadAssembly (583ms)
			LoadAssemblies (84ms)
			RebuildTransferFunctionScriptingTraits (0ms)
			SetupTypeCache (196ms)
				TypeCache.Initialize (194ms)
					TypeCache.ScanAssembly (192ms)
				ResolveRequiredComponents (2ms)
			ReleaseScriptCaches (0ms)
			RebuildScriptCaches (32ms)
			SetupLoadedEditorAssemblies (238ms)
				LogAssemblyErrors (0ms)
				InitializePlatformSupportModulesInManaged (18ms)
				SetLoadedEditorAssemblies (5ms)
				RefreshPlugins (0ms)
				BeforeProcessingInitializeOnLoad (48ms)
				ProcessInitializeOnLoadAttributes (148ms)
				ProcessInitializeOnLoadMethodAttributes (15ms)
				AfterProcessingInitializeOnLoad (3ms)
				EditorAssembliesLoaded (0ms)
			ExecutionOrderSort2 (0ms)
			AwakeInstancesAfterBackupRestoration (4ms)
Platform modules already initialized, skipping
========================================================================
Worker process is ready to serve import requests
Launched and connected shader compiler UnityShaderCompiler.exe after 0.04 seconds
Refreshing native plugins compatible for Editor in 0.41 ms, found 3 plugins.
Preloading 0 native plugins for Editor in 0.00 ms.
Unloading 3403 Unused Serialized files (Serialized files now loaded: 0)
Unloading 26 unused Assets / (58.9 KB). Loaded Objects now: 3871.
Memory consumption went from 0.51 GB to 0.51 GB.
Total: 4.124600 ms (FindLiveObjects: 0.324400 ms CreateObjectMapping: 0.108900 ms MarkObjects: 3.580300 ms  DeleteObjects: 0.109800 ms)

AssetImportParameters requested are different than current active one (requested -> active):
  custom:video-decoder-ogg-theora: a1e56fd34408186e4bbccfd4996cb3dc -> 
  custom:container-muxer-webm: aa71ff27fc2769a1b78a27578f13a17b -> 
  custom:container-demuxer-webm: 4f35f7cbe854078d1ac9338744f61a02 -> 
  custom:video-encoder-webm-vp8: eb34c28f22e8b96e1ab97ce403110664 -> 
  custom:video-codec-MediaFoundation-h265: 746d11721c4dcdbdad8f713fa42b33f4 -> 
  custom:audio-encoder-webm-vorbis: bf7c407c2cedff20999df2af8eb42d56 -> 
  custom:framework-win-MediaFoundation: 216162199b28c13a410421893ffa2e32 -> 
  custom:container-demuxer-ogg: 62fdf1f143b41e24485cea50d1cbac27 -> 
  custom:video-decoder-webm-vp8: 9c59270c3fd7afecdb556c50c9e8de78 -> 
  custom:audio-decoder-ogg-vorbis: bf7c407c2cedff20999df2af8eb42d56 -> 
========================================================================
Received Import Request.
  Time since last request: 495832.752641 seconds.
  path: Assets/Diana
  artifactKey: Guid(807003f85b9a4434eaae55fefef8e445) Importer(815301076,1909f56bfc062723c751e8b465ee728b)
Start importing Assets/Diana using Guid(807003f85b9a4434eaae55fefef8e445) Importer(815301076,1909f56bfc062723c751e8b465ee728b)  -> (artifact id: '12974e5e58d45300c6000ea17c9008d2') in 0.007490 seconds 
========================================================================
Received Prepare
Registering precompiled user dll's ...
Registered in 0.003463 seconds.
Begin MonoManager ReloadAssembly
Symbol file data-000001D01C4CD020 doesn't match image C:\Users\diana\OneDrive\Documents\GitHub\EGD_game_a\Uber Simulator\Library\ScriptAssemblies\Unity.VisualScripting.Flow.Editor.dll
Symbol file LoadedFromMemory is not a mono symbol file
Symbol file data-000001CFFADBAEC0 doesn't match image C:\Users\diana\OneDrive\Documents\GitHub\EGD_game_a\Uber Simulator\Library\ScriptAssemblies\Unity.VSCode.Editor.dll
Symbol file LoadedFromMemory is not a mono symbol file
Symbol file data-000001CFF98AAE30 doesn't match image C:\Users\diana\OneDrive\Documents\GitHub\EGD_game_a\Uber Simulator\Library\ScriptAssemblies\Unity.TextMeshPro.Editor.dll
Symbol file LoadedFromMemory is not a mono symbol file
Symbol file data-000001D01C149A30 doesn't match image C:\Users\diana\OneDrive\Documents\GitHub\EGD_game_a\Uber Simulator\Library\ScriptAssemblies\Unity.Services.Core.Telemetry.dll
Symbol file LoadedFromMemory is not a mono symbol file
Symbol file data-000001D0204BCE80 doesn't match image C:\Users\diana\OneDrive\Documents\GitHub\EGD_game_a\Uber Simulator\Library\ScriptAssemblies\Unity.Performance.Profile-Analyzer.Editor.dll
Symbol file LoadedFromMemory is not a mono symbol file
Symbol file data-000001CFF9731020 doesn't match image C:\Users\diana\OneDrive\Documents\GitHub\EGD_game_a\Uber Simulator\Library\ScriptAssemblies\Unity.TestTools.CodeCoverage.Editor.OpenCover.Model.dll
Symbol file LoadedFromMemory is not a mono symbol file
Symbol file data-000001D01E72E020 doesn't match image C:\Users\diana\OneDrive\Documents\GitHub\EGD_game_a\Uber Simulator\Library\ScriptAssemblies\Unity.Timeline.dll
Symbol file LoadedFromMemory is not a mono symbol file
Symbol file data-000001CFF74975B0 doesn't match image C:\Users\diana\OneDrive\Documents\GitHub\EGD_game_a\Uber Simulator\Library\ScriptAssemblies\Unity.VisualScripting.Core.Editor.dll
Symbol file LoadedFromMemory is not a mono symbol file
Symbol file data-000001CFFA8BF010 doesn't match image C:\Users\diana\OneDrive\Documents\GitHub\EGD_game_a\Uber Simulator\Library\ScriptAssemblies\Unity.TextMeshPro.dll
Symbol file LoadedFromMemory is not a mono symbol file
Symbol file data-000001D01C107020 doesn't match image C:\Users\diana\OneDrive\Documents\GitHub\EGD_game_a\Uber Simulator\Library\ScriptAssemblies\Unity.VisualScripting.State.Editor.dll
Symbol file LoadedFromMemory is not a mono symbol file
Symbol file data-000001D01C4E2A90 doesn't match image C:\Users\diana\OneDrive\Documents\GitHub\EGD_game_a\Uber Simulator\Library\ScriptAssemblies\Unity.Services.Core.Networking.dll
Symbol file LoadedFromMemory is not a mono symbol file
Symbol file data-000001D0204D8290 doesn't match image C:\Users\diana\OneDrive\Documents\GitHub\EGD_game_a\Uber Simulator\Library\ScriptAssemblies\Unity.VisualScripting.SettingsProvider.Editor.dll
Symbol file LoadedFromMemory is not a mono symbol file
Symbol file data-000001CFFB395150 doesn't match image C:\Users\diana\OneDrive\Documents\GitHub\EGD_game_a\Uber Simulator\Library\ScriptAssemblies\Unity.TestTools.CodeCoverage.Editor.OpenCover.Mono.Reflection.dll
Symbol file LoadedFromMemory is not a mono symbol file
Symbol file data-000001CFFA8BF010 doesn't match image C:\Users\diana\OneDrive\Documents\GitHub\EGD_game_a\Uber Simulator\Library\ScriptAssemblies\Unity.VisualScripting.Flow.dll
Symbol file LoadedFromMemory is not a mono symbol file
Symbol file data-000001D01C107020 doesn't match image C:\Users\diana\OneDrive\Documents\GitHub\EGD_game_a\Uber Simulator\Library\ScriptAssemblies\UnityEditor.UI.dll
Symbol file LoadedFromMemory is not a mono symbol file
Symbol file data-000001D01EFA99D0 doesn't match image C:\Users\diana\OneDrive\Documents\GitHub\EGD_game_a\Uber Simulator\Library\ScriptAssemblies\Unity.PlasticSCM.Editor.dll
Symbol file LoadedFromMemory is not a mono symbol file
Symbol file data-000001D01C1AB030 doesn't match image C:\Users\diana\OneDrive\Documents\GitHub\EGD_game_a\Uber Simulator\Library\ScriptAssemblies\Unity.Services.Core.Internal.dll
Symbol file LoadedFromMemory is not a mono symbol file
Symbol file data-000001CFFB42DB50 doesn't match image C:\Users\diana\OneDrive\Documents\GitHub\EGD_game_a\Uber Simulator\Library\ScriptAssemblies\UnityEngine.UI.dll
Symbol file LoadedFromMemory is not a mono symbol file
Symbol file data-000001CFFB395150 doesn't match image C:\Users\diana\OneDrive\Documents\GitHub\EGD_game_a\Uber Simulator\Library\ScriptAssemblies\Febucci.HierarchyIcons.dll
Symbol file LoadedFromMemory is not a mono symbol file
Symbol file data-000001CFFB395150 doesn't match image C:\Users\diana\OneDrive\Documents\GitHub\EGD_game_a\Uber Simulator\Library\ScriptAssemblies\Unity.Services.Core.Configuration.dll
Symbol file LoadedFromMemory is not a mono symbol file
Symbol file data-000001D0204D8290 doesn't match image C:\Users\diana\OneDrive\Documents\GitHub\EGD_game_a\Uber Simulator\Library\ScriptAssemblies\Unity.Services.Core.dll
Symbol file LoadedFromMemory is not a mono symbol file
Symbol file data-000001CFF763B540 doesn't match image C:\Users\diana\OneDrive\Documents\GitHub\EGD_game_a\Uber Simulator\Library\ScriptAssemblies\Unity.VisualScripting.Core.dll
Symbol file LoadedFromMemory is not a mono symbol file
Symbol file data-000001CFFB015630 doesn't match image C:\Users\diana\OneDrive\Documents\GitHub\EGD_game_a\Uber Simulator\Library\ScriptAssemblies\Unity.EditorCoroutines.Editor.dll
Symbol file LoadedFromMemory is not a mono symbol file
Symbol file data-000001CFFABAB020 doesn't match image C:\Users\diana\OneDrive\Documents\GitHub\EGD_game_a\Uber Simulator\Library\ScriptAssemblies\Unity.Services.Core.Editor.dll
Symbol file LoadedFromMemory is not a mono symbol file
Symbol file data-000001D0204D8290 doesn't match image C:\Users\diana\OneDrive\Documents\GitHub\EGD_game_a\Uber Simulator\Library\ScriptAssemblies\Unity.Services.Core.Configuration.Editor.dll
Symbol file LoadedFromMemory is not a mono symbol file
Symbol file data-000001D0207DB970 doesn't match image C:\Users\diana\OneDrive\Documents\GitHub\EGD_game_a\Uber Simulator\Library\ScriptAssemblies\Unity.Services.Core.Analytics.dll
Symbol file LoadedFromMemory is not a mono symbol file
Symbol file data-000001CFFB395150 doesn't match image C:\Users\diana\OneDrive\Documents\GitHub\EGD_game_a\Uber Simulator\Library\ScriptAssemblies\Unity.Services.Core.Registration.dll
Symbol file LoadedFromMemory is not a mono symbol file
Symbol file data-000001CFFB395150 doesn't match image C:\Users\diana\OneDrive\Documents\GitHub\EGD_game_a\Uber Simulator\Library\ScriptAssemblies\Unity.VisualScripting.Shared.Editor.dll
Symbol file LoadedFromMemory is not a mono symbol file
Symbol file data-000001D0207DB970 doesn't match image C:\Users\diana\OneDrive\Documents\GitHub\EGD_game_a\Uber Simulator\Library\ScriptAssemblies\Unity.Services.Core.Environments.dll
Symbol file LoadedFromMemory is not a mono symbol file
Symbol file data-000001CFF9731020 doesn't match image C:\Users\diana\OneDrive\Documents\GitHub\EGD_game_a\Uber Simulator\Library\ScriptAssemblies\Unity.Settings.Editor.dll
Symbol file LoadedFromMemory is not a mono symbol file
Symbol file data-000001D0204D8290 doesn't match image C:\Users\diana\OneDrive\Documents\GitHub\EGD_game_a\Uber Simulator\Library\ScriptAssemblies\Unity.Services.Core.Scheduler.dll
Symbol file LoadedFromMemory is not a mono symbol file
Symbol file data-000001D0207DB970 doesn't match image C:\Users\diana\OneDrive\Documents\GitHub\EGD_game_a\Uber Simulator\Library\ScriptAssemblies\Unity.Services.Core.Environments.Internal.dll
Symbol file LoadedFromMemory is not a mono symbol file
Symbol file data-000001D01EBE7040 doesn't match image C:\Users\diana\OneDrive\Documents\GitHub\EGD_game_a\Uber Simulator\Library\ScriptAssemblies\Unity.Timeline.Editor.dll
Symbol file LoadedFromMemory is not a mono symbol file
Symbol file data-000001CFF7D44F40 doesn't match image C:\Users\diana\OneDrive\Documents\GitHub\EGD_game_a\Uber Simulator\Library\ScriptAssemblies\Unity.CollabProxy.Editor.dll
Symbol file LoadedFromMemory is not a mono symbol file
Symbol file data-000001D0207DB970 doesn't match image C:\Users\diana\OneDrive\Documents\GitHub\EGD_game_a\Uber Simulator\Library\ScriptAssemblies\Unity.Services.Core.Threading.dll
Symbol file LoadedFromMemory is not a mono symbol file
Symbol file data-000001CFF94C2840 doesn't match image C:\Users\diana\OneDrive\Documents\GitHub\EGD_game_a\Uber Simulator\Library\ScriptAssemblies\Unity.VisualScripting.State.dll
Symbol file LoadedFromMemory is not a mono symbol file
Symbol file data-000001CFF7D515D0 doesn't match image C:\Users\diana\OneDrive\Documents\GitHub\EGD_game_a\Uber Simulator\Library\ScriptAssemblies\Unity.Services.Core.Device.dll
Symbol file LoadedFromMemory is not a mono symbol file
Symbol file LoadedFromMemory doesn't match image C:\Users\diana\OneDrive\Documents\GitHub\EGD_game_a\Uber Simulator\Library\PackageCache\com.unity.visualscripting@1.7.8\Editor\VisualScripting.Core\Dependencies\YamlDotNet\Unity.VisualScripting.YamlDotNet.dll
Symbol file LoadedFromMemory doesn't match image C:\Users\diana\OneDrive\Documents\GitHub\EGD_game_a\Uber Simulator\Library\PackageCache\com.unity.visualscripting@1.7.8\Editor\VisualScripting.Core\Dependencies\DotNetZip\Unity.VisualScripting.IonicZip.dll
Native extension for UWP target not found
Native extension for WindowsStandalone target not found
Native extension for iOS target not found
Native extension for Android target not found
Native extension for OSXStandalone target not found
Native extension for WebGL target not found
Refreshing native plugins compatible for Editor in 0.35 ms, found 3 plugins.
Preloading 0 native plugins for Editor in 0.00 ms.
Mono: successfully reloaded assembly
- Completed reload, in  0.622 seconds
Domain Reload Profiling:
	ReloadAssembly (622ms)
		BeginReloadAssembly (76ms)
			ExecutionOrderSort (0ms)
			DisableScriptedObjects (3ms)
			BackupInstance (0ms)
			ReleaseScriptingObjects (0ms)
			CreateAndSetChildDomain (22ms)
		EndReloadAssembly (494ms)
			LoadAssemblies (45ms)
			RebuildTransferFunctionScriptingTraits (0ms)
			SetupTypeCache (143ms)
				TypeCache.Initialize (141ms)
					TypeCache.ScanAssembly (137ms)
				ResolveRequiredComponents (2ms)
			ReleaseScriptCaches (1ms)
			RebuildScriptCaches (21ms)
			SetupLoadedEditorAssemblies (231ms)
				LogAssemblyErrors (0ms)
				InitializePlatformSupportModulesInManaged (19ms)
				SetLoadedEditorAssemblies (4ms)
				RefreshPlugins (0ms)
				BeforeProcessingInitializeOnLoad (36ms)
				ProcessInitializeOnLoadAttributes (155ms)
				ProcessInitializeOnLoadMethodAttributes (13ms)
				AfterProcessingInitializeOnLoad (3ms)
				EditorAssembliesLoaded (0ms)
			ExecutionOrderSort2 (0ms)
			AwakeInstancesAfterBackupRestoration (5ms)
Platform modules already initialized, skipping
Refreshing native plugins compatible for Editor in 1.12 ms, found 3 plugins.
Preloading 0 native plugins for Editor in 0.00 ms.
Unloading 3382 Unused Serialized files (Serialized files now loaded: 0)
Unloading 19 unused Assets / (25.4 KB). Loaded Objects now: 3874.
Memory consumption went from 0.51 GB to 0.51 GB.
Total: 3.002800 ms (FindLiveObjects: 0.179300 ms CreateObjectMapping: 0.095900 ms MarkObjects: 2.708400 ms  DeleteObjects: 0.018500 ms)

AssetImportParameters requested are different than current active one (requested -> active):
  custom:video-decoder-ogg-theora: a1e56fd34408186e4bbccfd4996cb3dc -> 
  custom:container-muxer-webm: aa71ff27fc2769a1b78a27578f13a17b -> 
  custom:container-demuxer-webm: 4f35f7cbe854078d1ac9338744f61a02 -> 
  custom:video-encoder-webm-vp8: eb34c28f22e8b96e1ab97ce403110664 -> 
  custom:video-codec-MediaFoundation-h265: 746d11721c4dcdbdad8f713fa42b33f4 -> 
  custom:audio-encoder-webm-vorbis: bf7c407c2cedff20999df2af8eb42d56 -> 
  custom:framework-win-MediaFoundation: 216162199b28c13a410421893ffa2e32 -> 
  custom:container-demuxer-ogg: 62fdf1f143b41e24485cea50d1cbac27 -> 
  custom:video-decoder-webm-vp8: 9c59270c3fd7afecdb556c50c9e8de78 -> 
  custom:audio-decoder-ogg-vorbis: bf7c407c2cedff20999df2af8eb42d56 -> 
========================================================================
Received Prepare
Registering precompiled user dll's ...
Registered in 0.004782 seconds.
Begin MonoManager ReloadAssembly
Symbol file data-000001D01C4CD020 doesn't match image C:\Users\diana\OneDrive\Documents\GitHub\EGD_game_a\Uber Simulator\Library\ScriptAssemblies\Unity.VisualScripting.Flow.Editor.dll
Symbol file LoadedFromMemory is not a mono symbol file
Symbol file data-000001CFF94A0010 doesn't match image C:\Users\diana\OneDrive\Documents\GitHub\EGD_game_a\Uber Simulator\Library\ScriptAssemblies\Unity.VSCode.Editor.dll
Symbol file LoadedFromMemory is not a mono symbol file
Symbol file data-000001D01BB10080 doesn't match image C:\Users\diana\OneDrive\Documents\GitHub\EGD_game_a\Uber Simulator\Library\ScriptAssemblies\Unity.TextMeshPro.Editor.dll
Symbol file LoadedFromMemory is not a mono symbol file
Symbol file data-000001D01BE8B010 doesn't match image C:\Users\diana\OneDrive\Documents\GitHub\EGD_game_a\Uber Simulator\Library\ScriptAssemblies\Unity.Services.Core.Telemetry.dll
Symbol file LoadedFromMemory is not a mono symbol file
Symbol file data-000001CFF73783A0 doesn't match image C:\Users\diana\OneDrive\Documents\GitHub\EGD_game_a\Uber Simulator\Library\ScriptAssemblies\Unity.Performance.Profile-Analyzer.Editor.dll
Symbol file LoadedFromMemory is not a mono symbol file
Symbol file data-000001D01C59D010 doesn't match image C:\Users\diana\OneDrive\Documents\GitHub\EGD_game_a\Uber Simulator\Library\ScriptAssemblies\Unity.TestTools.CodeCoverage.Editor.OpenCover.Model.dll
Symbol file LoadedFromMemory is not a mono symbol file
Symbol file data-000001D01E72E020 doesn't match image C:\Users\diana\OneDrive\Documents\GitHub\EGD_game_a\Uber Simulator\Library\ScriptAssemblies\Unity.Timeline.dll
Symbol file LoadedFromMemory is not a mono symbol file
Symbol file data-000001CFFA620020 doesn't match image C:\Users\diana\OneDrive\Documents\GitHub\EGD_game_a\Uber Simulator\Library\ScriptAssemblies\Unity.VisualScripting.Core.Editor.dll
Symbol file LoadedFromMemory is not a mono symbol file
Symbol file data-000001CFFA8BF010 doesn't match image C:\Users\diana\OneDrive\Documents\GitHub\EGD_game_a\Uber Simulator\Library\ScriptAssemblies\Unity.TextMeshPro.dll
Symbol file LoadedFromMemory is not a mono symbol file
Symbol file data-000001CFFB2FCBA0 doesn't match image C:\Users\diana\OneDrive\Documents\GitHub\EGD_game_a\Uber Simulator\Library\ScriptAssemblies\Unity.VisualScripting.State.Editor.dll
Symbol file LoadedFromMemory is not a mono symbol file
Symbol file data-000001D0207DB970 doesn't match image C:\Users\diana\OneDrive\Documents\GitHub\EGD_game_a\Uber Simulator\Library\ScriptAssemblies\Unity.Services.Core.Networking.dll
Symbol file LoadedFromMemory is not a mono symbol file
Symbol file data-000001D01C59D010 doesn't match image C:\Users\diana\OneDrive\Documents\GitHub\EGD_game_a\Uber Simulator\Library\ScriptAssemblies\Unity.VisualScripting.SettingsProvider.Editor.dll
Symbol file LoadedFromMemory is not a mono symbol file
Symbol file data-000001D01C59D010 doesn't match image C:\Users\diana\OneDrive\Documents\GitHub\EGD_game_a\Uber Simulator\Library\ScriptAssemblies\Unity.TestTools.CodeCoverage.Editor.OpenCover.Mono.Reflection.dll
Symbol file LoadedFromMemory is not a mono symbol file
Symbol file data-000001CFFA8BF010 doesn't match image C:\Users\diana\OneDrive\Documents\GitHub\EGD_game_a\Uber Simulator\Library\ScriptAssemblies\Unity.VisualScripting.Flow.dll
Symbol file LoadedFromMemory is not a mono symbol file
Symbol file data-000001CFFB2FCBA0 doesn't match image C:\Users\diana\OneDrive\Documents\GitHub\EGD_game_a\Uber Simulator\Library\ScriptAssemblies\UnityEditor.UI.dll
Symbol file LoadedFromMemory is not a mono symbol file
Symbol file data-000001CFF9D34010 doesn't match image C:\Users\diana\OneDrive\Documents\GitHub\EGD_game_a\Uber Simulator\Library\ScriptAssemblies\Unity.PlasticSCM.Editor.dll
Symbol file LoadedFromMemory is not a mono symbol file
Symbol file data-000001CFF91A3010 doesn't match image C:\Users\diana\OneDrive\Documents\GitHub\EGD_game_a\Uber Simulator\Library\ScriptAssemblies\Unity.Services.Core.Internal.dll
Symbol file LoadedFromMemory is not a mono symbol file
Symbol file data-000001D0204FACA0 doesn't match image C:\Users\diana\OneDrive\Documents\GitHub\EGD_game_a\Uber Simulator\Library\ScriptAssemblies\UnityEngine.UI.dll
Symbol file LoadedFromMemory is not a mono symbol file
Symbol file data-000001CFFB306350 doesn't match image C:\Users\diana\OneDrive\Documents\GitHub\EGD_game_a\Uber Simulator\Library\ScriptAssemblies\Febucci.HierarchyIcons.dll
Symbol file LoadedFromMemory is not a mono symbol file
Symbol file data-000001CFFB306350 doesn't match image C:\Users\diana\OneDrive\Documents\GitHub\EGD_game_a\Uber Simulator\Library\ScriptAssemblies\Unity.Services.Core.Configuration.dll
Symbol file LoadedFromMemory is not a mono symbol file
Symbol file data-000001CFFABB5370 doesn't match image C:\Users\diana\OneDrive\Documents\GitHub\EGD_game_a\Uber Simulator\Library\ScriptAssemblies\Unity.Services.Core.dll
Symbol file LoadedFromMemory is not a mono symbol file
Symbol file data-000001D01E9A9030 doesn't match image C:\Users\diana\OneDrive\Documents\GitHub\EGD_game_a\Uber Simulator\Library\ScriptAssemblies\Unity.VisualScripting.Core.dll
Symbol file LoadedFromMemory is not a mono symbol file
Symbol file data-000001CFFABB5370 doesn't match image C:\Users\diana\OneDrive\Documents\GitHub\EGD_game_a\Uber Simulator\Library\ScriptAssemblies\Unity.EditorCoroutines.Editor.dll
Symbol file LoadedFromMemory is not a mono symbol file
Symbol file data-000001CFF91A3010 doesn't match image C:\Users\diana\OneDrive\Documents\GitHub\EGD_game_a\Uber Simulator\Library\ScriptAssemblies\Unity.Services.Core.Editor.dll
Symbol file LoadedFromMemory is not a mono symbol file
Symbol file data-000001CFFABB5370 doesn't match image C:\Users\diana\OneDrive\Documents\GitHub\EGD_game_a\Uber Simulator\Library\ScriptAssemblies\Unity.Services.Core.Configuration.Editor.dll
Symbol file LoadedFromMemory is not a mono symbol file
Symbol file data-000001D0207DB970 doesn't match image C:\Users\diana\OneDrive\Documents\GitHub\EGD_game_a\Uber Simulator\Library\ScriptAssemblies\Unity.Services.Core.Analytics.dll
Symbol file LoadedFromMemory is not a mono symbol file
Symbol file data-000001CFFB306350 doesn't match image C:\Users\diana\OneDrive\Documents\GitHub\EGD_game_a\Uber Simulator\Library\ScriptAssemblies\Unity.Services.Core.Registration.dll
Symbol file LoadedFromMemory is not a mono symbol file
Symbol file data-000001CFFB306350 doesn't match image C:\Users\diana\OneDrive\Documents\GitHub\EGD_game_a\Uber Simulator\Library\ScriptAssemblies\Unity.VisualScripting.Shared.Editor.dll
Symbol file LoadedFromMemory is not a mono symbol file
Symbol file data-000001D0207DB970 doesn't match image C:\Users\diana\OneDrive\Documents\GitHub\EGD_game_a\Uber Simulator\Library\ScriptAssemblies\Unity.Services.Core.Environments.dll
Symbol file LoadedFromMemory is not a mono symbol file
Symbol file data-000001D01C59D010 doesn't match image C:\Users\diana\OneDrive\Documents\GitHub\EGD_game_a\Uber Simulator\Library\ScriptAssemblies\Unity.Settings.Editor.dll
Symbol file LoadedFromMemory is not a mono symbol file
Symbol file data-000001CFFB306350 doesn't match image C:\Users\diana\OneDrive\Documents\GitHub\EGD_game_a\Uber Simulator\Library\ScriptAssemblies\Unity.Services.Core.Scheduler.dll
Symbol file LoadedFromMemory is not a mono symbol file
Symbol file data-000001D0207DB970 doesn't match image C:\Users\diana\OneDrive\Documents\GitHub\EGD_game_a\Uber Simulator\Library\ScriptAssemblies\Unity.Services.Core.Environments.Internal.dll
Symbol file LoadedFromMemory is not a mono symbol file
Symbol file data-000001CFF7BFD4C0 doesn't match image C:\Users\diana\OneDrive\Documents\GitHub\EGD_game_a\Uber Simulator\Library\ScriptAssemblies\Unity.Timeline.Editor.dll
Symbol file LoadedFromMemory is not a mono symbol file
Symbol file data-000001CFFADB22B0 doesn't match image C:\Users\diana\OneDrive\Documents\GitHub\EGD_game_a\Uber Simulator\Library\ScriptAssemblies\Unity.CollabProxy.Editor.dll
Symbol file LoadedFromMemory is not a mono symbol file
Symbol file data-000001D0207DB970 doesn't match image C:\Users\diana\OneDrive\Documents\GitHub\EGD_game_a\Uber Simulator\Library\ScriptAssemblies\Unity.Services.Core.Threading.dll
Symbol file LoadedFromMemory is not a mono symbol file
Symbol file data-000001D01CAC8020 doesn't match image C:\Users\diana\OneDrive\Documents\GitHub\EGD_game_a\Uber Simulator\Library\ScriptAssemblies\Unity.VisualScripting.State.dll
Symbol file LoadedFromMemory is not a mono symbol file
Symbol file data-000001D0207DB970 doesn't match image C:\Users\diana\OneDrive\Documents\GitHub\EGD_game_a\Uber Simulator\Library\ScriptAssemblies\Unity.Services.Core.Device.dll
Symbol file LoadedFromMemory is not a mono symbol file
Symbol file LoadedFromMemory doesn't match image C:\Users\diana\OneDrive\Documents\GitHub\EGD_game_a\Uber Simulator\Library\PackageCache\com.unity.visualscripting@1.7.8\Editor\VisualScripting.Core\Dependencies\YamlDotNet\Unity.VisualScripting.YamlDotNet.dll
Symbol file LoadedFromMemory doesn't match image C:\Users\diana\OneDrive\Documents\GitHub\EGD_game_a\Uber Simulator\Library\PackageCache\com.unity.visualscripting@1.7.8\Editor\VisualScripting.Core\Dependencies\DotNetZip\Unity.VisualScripting.IonicZip.dll
Native extension for UWP target not found
Native extension for WindowsStandalone target not found
Native extension for iOS target not found
Native extension for Android target not found
Native extension for OSXStandalone target not found
Native extension for WebGL target not found
Refreshing native plugins compatible for Editor in 0.37 ms, found 3 plugins.
Preloading 0 native plugins for Editor in 0.00 ms.
Mono: successfully reloaded assembly
- Completed reload, in  0.623 seconds
Domain Reload Profiling:
	ReloadAssembly (623ms)
		BeginReloadAssembly (74ms)
			ExecutionOrderSort (0ms)
			DisableScriptedObjects (2ms)
			BackupInstance (0ms)
			ReleaseScriptingObjects (0ms)
			CreateAndSetChildDomain (21ms)
		EndReloadAssembly (493ms)
			LoadAssemblies (46ms)
			RebuildTransferFunctionScriptingTraits (0ms)
			SetupTypeCache (157ms)
				TypeCache.Initialize (155ms)
					TypeCache.ScanAssembly (151ms)
				ResolveRequiredComponents (3ms)
			ReleaseScriptCaches (1ms)
			RebuildScriptCaches (27ms)
			SetupLoadedEditorAssemblies (222ms)
				LogAssemblyErrors (0ms)
				InitializePlatformSupportModulesInManaged (24ms)
				SetLoadedEditorAssemblies (5ms)
				RefreshPlugins (0ms)
				BeforeProcessingInitializeOnLoad (38ms)
				ProcessInitializeOnLoadAttributes (139ms)
				ProcessInitializeOnLoadMethodAttributes (13ms)
				AfterProcessingInitializeOnLoad (3ms)
				EditorAssembliesLoaded (0ms)
			ExecutionOrderSort2 (0ms)
			AwakeInstancesAfterBackupRestoration (4ms)
Platform modules already initialized, skipping
Refreshing native plugins compatible for Editor in 0.91 ms, found 3 plugins.
Preloading 0 native plugins for Editor in 0.00 ms.
Unloading 3383 Unused Serialized files (Serialized files now loaded: 0)
Unloading 19 unused Assets / (32.5 KB). Loaded Objects now: 3877.
Memory consumption went from 0.51 GB to 0.51 GB.
Total: 2.699600 ms (FindLiveObjects: 0.158400 ms CreateObjectMapping: 0.070000 ms MarkObjects: 2.446900 ms  DeleteObjects: 0.023100 ms)

AssetImportParameters requested are different than current active one (requested -> active):
  custom:video-decoder-ogg-theora: a1e56fd34408186e4bbccfd4996cb3dc -> 
  custom:container-muxer-webm: aa71ff27fc2769a1b78a27578f13a17b -> 
  custom:container-demuxer-webm: 4f35f7cbe854078d1ac9338744f61a02 -> 
  custom:video-encoder-webm-vp8: eb34c28f22e8b96e1ab97ce403110664 -> 
  custom:video-codec-MediaFoundation-h265: 746d11721c4dcdbdad8f713fa42b33f4 -> 
  custom:audio-encoder-webm-vorbis: bf7c407c2cedff20999df2af8eb42d56 -> 
  custom:framework-win-MediaFoundation: 216162199b28c13a410421893ffa2e32 -> 
  custom:container-demuxer-ogg: 62fdf1f143b41e24485cea50d1cbac27 -> 
  custom:video-decoder-webm-vp8: 9c59270c3fd7afecdb556c50c9e8de78 -> 
  custom:audio-decoder-ogg-vorbis: bf7c407c2cedff20999df2af8eb42d56 -> 
========================================================================
Received Prepare
Registering precompiled user dll's ...
Registered in 0.002601 seconds.
Begin MonoManager ReloadAssembly
Symbol file data-000001D01C4CD020 doesn't match image C:\Users\diana\OneDrive\Documents\GitHub\EGD_game_a\Uber Simulator\Library\ScriptAssemblies\Unity.VisualScripting.Flow.Editor.dll
Symbol file LoadedFromMemory is not a mono symbol file
Symbol file data-000001D01CAC8020 doesn't match image C:\Users\diana\OneDrive\Documents\GitHub\EGD_game_a\Uber Simulator\Library\ScriptAssemblies\Unity.VSCode.Editor.dll
Symbol file LoadedFromMemory is not a mono symbol file
Symbol file data-000001CFF98AAE30 doesn't match image C:\Users\diana\OneDrive\Documents\GitHub\EGD_game_a\Uber Simulator\Library\ScriptAssemblies\Unity.TextMeshPro.Editor.dll
Symbol file LoadedFromMemory is not a mono symbol file
Symbol file data-000001CFFAD5E430 doesn't match image C:\Users\diana\OneDrive\Documents\GitHub\EGD_game_a\Uber Simulator\Library\ScriptAssemblies\Unity.Services.Core.Telemetry.dll
Symbol file LoadedFromMemory is not a mono symbol file
Symbol file data-000001D0204BCE80 doesn't match image C:\Users\diana\OneDrive\Documents\GitHub\EGD_game_a\Uber Simulator\Library\ScriptAssemblies\Unity.Performance.Profile-Analyzer.Editor.dll
Symbol file LoadedFromMemory is not a mono symbol file
Symbol file data-000001CFFAF8A070 doesn't match image C:\Users\diana\OneDrive\Documents\GitHub\EGD_game_a\Uber Simulator\Library\ScriptAssemblies\Unity.TestTools.CodeCoverage.Editor.OpenCover.Model.dll
Symbol file LoadedFromMemory is not a mono symbol file
Symbol file data-000001D01E72E020 doesn't match image C:\Users\diana\OneDrive\Documents\GitHub\EGD_game_a\Uber Simulator\Library\ScriptAssemblies\Unity.Timeline.dll
Symbol file LoadedFromMemory is not a mono symbol file
Symbol file data-000001CFF95A3020 doesn't match image C:\Users\diana\OneDrive\Documents\GitHub\EGD_game_a\Uber Simulator\Library\ScriptAssemblies\Unity.VisualScripting.Core.Editor.dll
Symbol file LoadedFromMemory is not a mono symbol file
Symbol file data-000001CFF79E4010 doesn't match image C:\Users\diana\OneDrive\Documents\GitHub\EGD_game_a\Uber Simulator\Library\ScriptAssemblies\Unity.TextMeshPro.dll
Symbol file LoadedFromMemory is not a mono symbol file
Symbol file data-000001CFF9ACC010 doesn't match image C:\Users\diana\OneDrive\Documents\GitHub\EGD_game_a\Uber Simulator\Library\ScriptAssemblies\Unity.VisualScripting.State.Editor.dll
Symbol file LoadedFromMemory is not a mono symbol file
Symbol file data-000001CFFAF8A070 doesn't match image C:\Users\diana\OneDrive\Documents\GitHub\EGD_game_a\Uber Simulator\Library\ScriptAssemblies\Unity.Services.Core.Networking.dll
Symbol file LoadedFromMemory is not a mono symbol file
Symbol file data-000001CFFAF8A070 doesn't match image C:\Users\diana\OneDrive\Documents\GitHub\EGD_game_a\Uber Simulator\Library\ScriptAssemblies\Unity.VisualScripting.SettingsProvider.Editor.dll
Symbol file LoadedFromMemory is not a mono symbol file
Symbol file data-000001CFFAF8A070 doesn't match image C:\Users\diana\OneDrive\Documents\GitHub\EGD_game_a\Uber Simulator\Library\ScriptAssemblies\Unity.TestTools.CodeCoverage.Editor.OpenCover.Mono.Reflection.dll
Symbol file LoadedFromMemory is not a mono symbol file
Symbol file data-000001D01DD78010 doesn't match image C:\Users\diana\OneDrive\Documents\GitHub\EGD_game_a\Uber Simulator\Library\ScriptAssemblies\Unity.VisualScripting.Flow.dll
Symbol file LoadedFromMemory is not a mono symbol file
Symbol file data-000001CFF9ACC010 doesn't match image C:\Users\diana\OneDrive\Documents\GitHub\EGD_game_a\Uber Simulator\Library\ScriptAssemblies\UnityEditor.UI.dll
Symbol file LoadedFromMemory is not a mono symbol file
Symbol file data-000001CFF9D34010 doesn't match image C:\Users\diana\OneDrive\Documents\GitHub\EGD_game_a\Uber Simulator\Library\ScriptAssemblies\Unity.PlasticSCM.Editor.dll
Symbol file LoadedFromMemory is not a mono symbol file
Symbol file data-000001D01BCF1010 doesn't match image C:\Users\diana\OneDrive\Documents\GitHub\EGD_game_a\Uber Simulator\Library\ScriptAssemblies\Unity.Services.Core.Internal.dll
Symbol file LoadedFromMemory is not a mono symbol file
Symbol file data-000001D0204FACA0 doesn't match image C:\Users\diana\OneDrive\Documents\GitHub\EGD_game_a\Uber Simulator\Library\ScriptAssemblies\UnityEngine.UI.dll
Symbol file LoadedFromMemory is not a mono symbol file
Symbol file data-000001CFFAF8A070 doesn't match image C:\Users\diana\OneDrive\Documents\GitHub\EGD_game_a\Uber Simulator\Library\ScriptAssemblies\Febucci.HierarchyIcons.dll
Symbol file LoadedFromMemory is not a mono symbol file
Symbol file data-000001CFFAF8A070 doesn't match image C:\Users\diana\OneDrive\Documents\GitHub\EGD_game_a\Uber Simulator\Library\ScriptAssemblies\Unity.Services.Core.Configuration.dll
Symbol file LoadedFromMemory is not a mono symbol file
Symbol file data-000001CFFAF8A070 doesn't match image C:\Users\diana\OneDrive\Documents\GitHub\EGD_game_a\Uber Simulator\Library\ScriptAssemblies\Unity.Services.Core.dll
Symbol file LoadedFromMemory is not a mono symbol file
Symbol file data-000001D01EFA99D0 doesn't match image C:\Users\diana\OneDrive\Documents\GitHub\EGD_game_a\Uber Simulator\Library\ScriptAssemblies\Unity.VisualScripting.Core.dll
Symbol file LoadedFromMemory is not a mono symbol file
Symbol file data-000001CFFAF8A070 doesn't match image C:\Users\diana\OneDrive\Documents\GitHub\EGD_game_a\Uber Simulator\Library\ScriptAssemblies\Unity.EditorCoroutines.Editor.dll
Symbol file LoadedFromMemory is not a mono symbol file
Symbol file data-000001D01BCF1010 doesn't match image C:\Users\diana\OneDrive\Documents\GitHub\EGD_game_a\Uber Simulator\Library\ScriptAssemblies\Unity.Services.Core.Editor.dll
Symbol file LoadedFromMemory is not a mono symbol file
Symbol file data-000001CFFAF8A070 doesn't match image C:\Users\diana\OneDrive\Documents\GitHub\EGD_game_a\Uber Simulator\Library\ScriptAssemblies\Unity.Services.Core.Configuration.Editor.dll
Symbol file LoadedFromMemory is not a mono symbol file
Symbol file data-000001CFFAF8A070 doesn't match image C:\Users\diana\OneDrive\Documents\GitHub\EGD_game_a\Uber Simulator\Library\ScriptAssemblies\Unity.Services.Core.Analytics.dll
Symbol file LoadedFromMemory is not a mono symbol file
Symbol file data-000001CFFB074020 doesn't match image C:\Users\diana\OneDrive\Documents\GitHub\EGD_game_a\Uber Simulator\Library\ScriptAssemblies\Unity.Services.Core.Registration.dll
Symbol file LoadedFromMemory is not a mono symbol file
Symbol file data-000001CFFB074020 doesn't match image C:\Users\diana\OneDrive\Documents\GitHub\EGD_game_a\Uber Simulator\Library\ScriptAssemblies\Unity.VisualScripting.Shared.Editor.dll
Symbol file LoadedFromMemory is not a mono symbol file
Symbol file data-000001CFFB074020 doesn't match image C:\Users\diana\OneDrive\Documents\GitHub\EGD_game_a\Uber Simulator\Library\ScriptAssemblies\Unity.Services.Core.Environments.dll
Symbol file LoadedFromMemory is not a mono symbol file
Symbol file data-000001CFFB074020 doesn't match image C:\Users\diana\OneDrive\Documents\GitHub\EGD_game_a\Uber Simulator\Library\ScriptAssemblies\Unity.Settings.Editor.dll
Symbol file LoadedFromMemory is not a mono symbol file
Symbol file data-000001CFFB074020 doesn't match image C:\Users\diana\OneDrive\Documents\GitHub\EGD_game_a\Uber Simulator\Library\ScriptAssemblies\Unity.Services.Core.Scheduler.dll
Symbol file LoadedFromMemory is not a mono symbol file
Symbol file data-000001D01BCFA820 doesn't match image C:\Users\diana\OneDrive\Documents\GitHub\EGD_game_a\Uber Simulator\Library\ScriptAssemblies\Unity.Services.Core.Environments.Internal.dll
Symbol file LoadedFromMemory is not a mono symbol file
Symbol file data-000001CFF7BFD4C0 doesn't match image C:\Users\diana\OneDrive\Documents\GitHub\EGD_game_a\Uber Simulator\Library\ScriptAssemblies\Unity.Timeline.Editor.dll
Symbol file LoadedFromMemory is not a mono symbol file
Symbol file data-000001CFFB38AE00 doesn't match image C:\Users\diana\OneDrive\Documents\GitHub\EGD_game_a\Uber Simulator\Library\ScriptAssemblies\Unity.CollabProxy.Editor.dll
Symbol file LoadedFromMemory is not a mono symbol file
Symbol file data-000001CFFB074020 doesn't match image C:\Users\diana\OneDrive\Documents\GitHub\EGD_game_a\Uber Simulator\Library\ScriptAssemblies\Unity.Services.Core.Threading.dll
Symbol file LoadedFromMemory is not a mono symbol file
Symbol file data-000001D0202F65C0 doesn't match image C:\Users\diana\OneDrive\Documents\GitHub\EGD_game_a\Uber Simulator\Library\ScriptAssemblies\Unity.VisualScripting.State.dll
Symbol file LoadedFromMemory is not a mono symbol file
Symbol file data-000001D0202F65C0 doesn't match image C:\Users\diana\OneDrive\Documents\GitHub\EGD_game_a\Uber Simulator\Library\ScriptAssemblies\Unity.Services.Core.Device.dll
Symbol file LoadedFromMemory is not a mono symbol file
Symbol file LoadedFromMemory doesn't match image C:\Users\diana\OneDrive\Documents\GitHub\EGD_game_a\Uber Simulator\Library\PackageCache\com.unity.visualscripting@1.7.8\Editor\VisualScripting.Core\Dependencies\YamlDotNet\Unity.VisualScripting.YamlDotNet.dll
Symbol file LoadedFromMemory doesn't match image C:\Users\diana\OneDrive\Documents\GitHub\EGD_game_a\Uber Simulator\Library\PackageCache\com.unity.visualscripting@1.7.8\Editor\VisualScripting.Core\Dependencies\DotNetZip\Unity.VisualScripting.IonicZip.dll
Native extension for UWP target not found
Native extension for WindowsStandalone target not found
Native extension for iOS target not found
Native extension for Android target not found
Native extension for OSXStandalone target not found
Native extension for WebGL target not found
Refreshing native plugins compatible for Editor in 0.44 ms, found 3 plugins.
Preloading 0 native plugins for Editor in 0.00 ms.
Mono: successfully reloaded assembly
- Completed reload, in  0.618 seconds
Domain Reload Profiling:
	ReloadAssembly (618ms)
		BeginReloadAssembly (75ms)
			ExecutionOrderSort (0ms)
			DisableScriptedObjects (3ms)
			BackupInstance (0ms)
			ReleaseScriptingObjects (0ms)
			CreateAndSetChildDomain (21ms)
		EndReloadAssembly (490ms)
			LoadAssemblies (45ms)
			RebuildTransferFunctionScriptingTraits (0ms)
			SetupTypeCache (162ms)
				TypeCache.Initialize (159ms)
					TypeCache.ScanAssembly (156ms)
				ResolveRequiredComponents (2ms)
			ReleaseScriptCaches (1ms)
			RebuildScriptCaches (25ms)
			SetupLoadedEditorAssemblies (218ms)
				LogAssemblyErrors (0ms)
				InitializePlatformSupportModulesInManaged (23ms)
				SetLoadedEditorAssemblies (5ms)
				RefreshPlugins (0ms)
				BeforeProcessingInitializeOnLoad (38ms)
				ProcessInitializeOnLoadAttributes (136ms)
				ProcessInitializeOnLoadMethodAttributes (12ms)
				AfterProcessingInitializeOnLoad (4ms)
				EditorAssembliesLoaded (0ms)
			ExecutionOrderSort2 (0ms)
			AwakeInstancesAfterBackupRestoration (5ms)
Platform modules already initialized, skipping
Refreshing native plugins compatible for Editor in 1.11 ms, found 3 plugins.
Preloading 0 native plugins for Editor in 0.00 ms.
Unloading 3383 Unused Serialized files (Serialized files now loaded: 0)
Unloading 19 unused Assets / (32.6 KB). Loaded Objects now: 3880.
Memory consumption went from 0.51 GB to 0.51 GB.
Total: 2.402000 ms (FindLiveObjects: 0.144000 ms CreateObjectMapping: 0.042300 ms MarkObjects: 2.198500 ms  DeleteObjects: 0.016800 ms)

AssetImportParameters requested are different than current active one (requested -> active):
  custom:video-decoder-ogg-theora: a1e56fd34408186e4bbccfd4996cb3dc -> 
  custom:container-muxer-webm: aa71ff27fc2769a1b78a27578f13a17b -> 
  custom:container-demuxer-webm: 4f35f7cbe854078d1ac9338744f61a02 -> 
  custom:video-encoder-webm-vp8: eb34c28f22e8b96e1ab97ce403110664 -> 
  custom:video-codec-MediaFoundation-h265: 746d11721c4dcdbdad8f713fa42b33f4 -> 
  custom:audio-encoder-webm-vorbis: bf7c407c2cedff20999df2af8eb42d56 -> 
  custom:framework-win-MediaFoundation: 216162199b28c13a410421893ffa2e32 -> 
  custom:container-demuxer-ogg: 62fdf1f143b41e24485cea50d1cbac27 -> 
  custom:video-decoder-webm-vp8: 9c59270c3fd7afecdb556c50c9e8de78 -> 
  custom:audio-decoder-ogg-vorbis: bf7c407c2cedff20999df2af8eb42d56 -> 
========================================================================
Received Prepare
Registering precompiled user dll's ...
Registered in 0.002246 seconds.
Begin MonoManager ReloadAssembly
Symbol file data-000001D01C4CD020 doesn't match image C:\Users\diana\OneDrive\Documents\GitHub\EGD_game_a\Uber Simulator\Library\ScriptAssemblies\Unity.VisualScripting.Flow.Editor.dll
Symbol file LoadedFromMemory is not a mono symbol file
Symbol file data-000001D01DE82040 doesn't match image C:\Users\diana\OneDrive\Documents\GitHub\EGD_game_a\Uber Simulator\Library\ScriptAssemblies\Unity.VSCode.Editor.dll
Symbol file LoadedFromMemory is not a mono symbol file
Symbol file data-000001CFF98AAE30 doesn't match image C:\Users\diana\OneDrive\Documents\GitHub\EGD_game_a\Uber Simulator\Library\ScriptAssemblies\Unity.TextMeshPro.Editor.dll
Symbol file LoadedFromMemory is not a mono symbol file
Symbol file data-000001CFFB2FCBA0 doesn't match image C:\Users\diana\OneDrive\Documents\GitHub\EGD_game_a\Uber Simulator\Library\ScriptAssemblies\Unity.Services.Core.Telemetry.dll
Symbol file LoadedFromMemory is not a mono symbol file
Symbol file data-000001D01EF82010 doesn't match image C:\Users\diana\OneDrive\Documents\GitHub\EGD_game_a\Uber Simulator\Library\ScriptAssemblies\Unity.Performance.Profile-Analyzer.Editor.dll
Symbol file LoadedFromMemory is not a mono symbol file
Symbol file data-000001CFFB3027B0 doesn't match image C:\Users\diana\OneDrive\Documents\GitHub\EGD_game_a\Uber Simulator\Library\ScriptAssemblies\Unity.TestTools.CodeCoverage.Editor.OpenCover.Model.dll
Symbol file LoadedFromMemory is not a mono symbol file
Symbol file data-000001D01E72E020 doesn't match image C:\Users\diana\OneDrive\Documents\GitHub\EGD_game_a\Uber Simulator\Library\ScriptAssemblies\Unity.Timeline.dll
Symbol file LoadedFromMemory is not a mono symbol file
Symbol file data-000001CFF9EE0010 doesn't match image C:\Users\diana\OneDrive\Documents\GitHub\EGD_game_a\Uber Simulator\Library\ScriptAssemblies\Unity.VisualScripting.Core.Editor.dll
Symbol file LoadedFromMemory is not a mono symbol file
Symbol file data-000001D01DF8C010 doesn't match image C:\Users\diana\OneDrive\Documents\GitHub\EGD_game_a\Uber Simulator\Library\ScriptAssemblies\Unity.TextMeshPro.dll
Symbol file LoadedFromMemory is not a mono symbol file
Symbol file data-000001CFFACEC020 doesn't match image C:\Users\diana\OneDrive\Documents\GitHub\EGD_game_a\Uber Simulator\Library\ScriptAssemblies\Unity.VisualScripting.State.Editor.dll
Symbol file LoadedFromMemory is not a mono symbol file
Symbol file data-000001D01BCF9020 doesn't match image C:\Users\diana\OneDrive\Documents\GitHub\EGD_game_a\Uber Simulator\Library\ScriptAssemblies\Unity.Services.Core.Networking.dll
Symbol file LoadedFromMemory is not a mono symbol file
Symbol file data-000001D01BCF9020 doesn't match image C:\Users\diana\OneDrive\Documents\GitHub\EGD_game_a\Uber Simulator\Library\ScriptAssemblies\Unity.VisualScripting.SettingsProvider.Editor.dll
Symbol file LoadedFromMemory is not a mono symbol file
Symbol file data-000001D01BCF9020 doesn't match image C:\Users\diana\OneDrive\Documents\GitHub\EGD_game_a\Uber Simulator\Library\ScriptAssemblies\Unity.TestTools.CodeCoverage.Editor.OpenCover.Mono.Reflection.dll
Symbol file LoadedFromMemory is not a mono symbol file
Symbol file data-000001D01C33F060 doesn't match image C:\Users\diana\OneDrive\Documents\GitHub\EGD_game_a\Uber Simulator\Library\ScriptAssemblies\Unity.VisualScripting.Flow.dll
Symbol file LoadedFromMemory is not a mono symbol file
Symbol file data-000001CFFACEC020 doesn't match image C:\Users\diana\OneDrive\Documents\GitHub\EGD_game_a\Uber Simulator\Library\ScriptAssemblies\UnityEditor.UI.dll
Symbol file LoadedFromMemory is not a mono symbol file
Symbol file data-000001CFF9D34010 doesn't match image C:\Users\diana\OneDrive\Documents\GitHub\EGD_game_a\Uber Simulator\Library\ScriptAssemblies\Unity.PlasticSCM.Editor.dll
Symbol file LoadedFromMemory is not a mono symbol file
Symbol file data-000001D01C763030 doesn't match image C:\Users\diana\OneDrive\Documents\GitHub\EGD_game_a\Uber Simulator\Library\ScriptAssemblies\Unity.Services.Core.Internal.dll
Symbol file LoadedFromMemory is not a mono symbol file
Symbol file data-000001CFF9C35B10 doesn't match image C:\Users\diana\OneDrive\Documents\GitHub\EGD_game_a\Uber Simulator\Library\ScriptAssemblies\UnityEngine.UI.dll
Symbol file LoadedFromMemory is not a mono symbol file
Symbol file data-000001D01BCF9020 doesn't match image C:\Users\diana\OneDrive\Documents\GitHub\EGD_game_a\Uber Simulator\Library\ScriptAssemblies\Febucci.HierarchyIcons.dll
Symbol file LoadedFromMemory is not a mono symbol file
Symbol file data-000001D01BCF9020 doesn't match image C:\Users\diana\OneDrive\Documents\GitHub\EGD_game_a\Uber Simulator\Library\ScriptAssemblies\Unity.Services.Core.Configuration.dll
Symbol file LoadedFromMemory is not a mono symbol file
Symbol file data-000001D01BCF9020 doesn't match image C:\Users\diana\OneDrive\Documents\GitHub\EGD_game_a\Uber Simulator\Library\ScriptAssemblies\Unity.Services.Core.dll
Symbol file LoadedFromMemory is not a mono symbol file
Symbol file data-000001D061F22020 doesn't match image C:\Users\diana\OneDrive\Documents\GitHub\EGD_game_a\Uber Simulator\Library\ScriptAssemblies\Unity.VisualScripting.Core.dll
Symbol file LoadedFromMemory is not a mono symbol file
Symbol file data-000001D01BCF9020 doesn't match image C:\Users\diana\OneDrive\Documents\GitHub\EGD_game_a\Uber Simulator\Library\ScriptAssemblies\Unity.EditorCoroutines.Editor.dll
Symbol file LoadedFromMemory is not a mono symbol file
Symbol file data-000001D01C763030 doesn't match image C:\Users\diana\OneDrive\Documents\GitHub\EGD_game_a\Uber Simulator\Library\ScriptAssemblies\Unity.Services.Core.Editor.dll
Symbol file LoadedFromMemory is not a mono symbol file
Symbol file data-000001D01BCF9020 doesn't match image C:\Users\diana\OneDrive\Documents\GitHub\EGD_game_a\Uber Simulator\Library\ScriptAssemblies\Unity.Services.Core.Configuration.Editor.dll
Symbol file LoadedFromMemory is not a mono symbol file
Symbol file data-000001D01BCF9020 doesn't match image C:\Users\diana\OneDrive\Documents\GitHub\EGD_game_a\Uber Simulator\Library\ScriptAssemblies\Unity.Services.Core.Analytics.dll
Symbol file LoadedFromMemory is not a mono symbol file
Symbol file data-000001CFFB3027B0 doesn't match image C:\Users\diana\OneDrive\Documents\GitHub\EGD_game_a\Uber Simulator\Library\ScriptAssemblies\Unity.Services.Core.Registration.dll
Symbol file LoadedFromMemory is not a mono symbol file
Symbol file data-000001CFFB3027B0 doesn't match image C:\Users\diana\OneDrive\Documents\GitHub\EGD_game_a\Uber Simulator\Library\ScriptAssemblies\Unity.VisualScripting.Shared.Editor.dll
Symbol file LoadedFromMemory is not a mono symbol file
Symbol file data-000001CFFB3027B0 doesn't match image C:\Users\diana\OneDrive\Documents\GitHub\EGD_game_a\Uber Simulator\Library\ScriptAssemblies\Unity.Services.Core.Environments.dll
Symbol file LoadedFromMemory is not a mono symbol file
Symbol file data-000001CFFB3027B0 doesn't match image C:\Users\diana\OneDrive\Documents\GitHub\EGD_game_a\Uber Simulator\Library\ScriptAssemblies\Unity.Settings.Editor.dll
Symbol file LoadedFromMemory is not a mono symbol file
Symbol file data-000001D0204E66A0 doesn't match image C:\Users\diana\OneDrive\Documents\GitHub\EGD_game_a\Uber Simulator\Library\ScriptAssemblies\Unity.Services.Core.Scheduler.dll
Symbol file LoadedFromMemory is not a mono symbol file
Symbol file data-000001D0204E66A0 doesn't match image C:\Users\diana\OneDrive\Documents\GitHub\EGD_game_a\Uber Simulator\Library\ScriptAssemblies\Unity.Services.Core.Environments.Internal.dll
Symbol file LoadedFromMemory is not a mono symbol file
Symbol file data-000001D01EBE7040 doesn't match image C:\Users\diana\OneDrive\Documents\GitHub\EGD_game_a\Uber Simulator\Library\ScriptAssemblies\Unity.Timeline.Editor.dll
Symbol file LoadedFromMemory is not a mono symbol file
Symbol file data-000001D01C141010 doesn't match image C:\Users\diana\OneDrive\Documents\GitHub\EGD_game_a\Uber Simulator\Library\ScriptAssemblies\Unity.CollabProxy.Editor.dll
Symbol file LoadedFromMemory is not a mono symbol file
Symbol file data-000001D0204E66A0 doesn't match image C:\Users\diana\OneDrive\Documents\GitHub\EGD_game_a\Uber Simulator\Library\ScriptAssemblies\Unity.Services.Core.Threading.dll
Symbol file LoadedFromMemory is not a mono symbol file
Symbol file data-000001D0204E66A0 doesn't match image C:\Users\diana\OneDrive\Documents\GitHub\EGD_game_a\Uber Simulator\Library\ScriptAssemblies\Unity.VisualScripting.State.dll
Symbol file LoadedFromMemory is not a mono symbol file
Symbol file data-000001D0204E66A0 doesn't match image C:\Users\diana\OneDrive\Documents\GitHub\EGD_game_a\Uber Simulator\Library\ScriptAssemblies\Unity.Services.Core.Device.dll
Symbol file LoadedFromMemory is not a mono symbol file
Symbol file LoadedFromMemory doesn't match image C:\Users\diana\OneDrive\Documents\GitHub\EGD_game_a\Uber Simulator\Library\PackageCache\com.unity.visualscripting@1.7.8\Editor\VisualScripting.Core\Dependencies\YamlDotNet\Unity.VisualScripting.YamlDotNet.dll
Symbol file LoadedFromMemory doesn't match image C:\Users\diana\OneDrive\Documents\GitHub\EGD_game_a\Uber Simulator\Library\PackageCache\com.unity.visualscripting@1.7.8\Editor\VisualScripting.Core\Dependencies\DotNetZip\Unity.VisualScripting.IonicZip.dll
Native extension for UWP target not found
Native extension for WindowsStandalone target not found
Native extension for iOS target not found
Native extension for Android target not found
Native extension for OSXStandalone target not found
Native extension for WebGL target not found
Refreshing native plugins compatible for Editor in 0.48 ms, found 3 plugins.
Preloading 0 native plugins for Editor in 0.00 ms.
Mono: successfully reloaded assembly
- Completed reload, in  0.699 seconds
Domain Reload Profiling:
	ReloadAssembly (699ms)
		BeginReloadAssembly (75ms)
			ExecutionOrderSort (0ms)
			DisableScriptedObjects (2ms)
			BackupInstance (0ms)
			ReleaseScriptingObjects (0ms)
			CreateAndSetChildDomain (21ms)
		EndReloadAssembly (571ms)
			LoadAssemblies (46ms)
			RebuildTransferFunctionScriptingTraits (0ms)
			SetupTypeCache (195ms)
				TypeCache.Initialize (192ms)
					TypeCache.ScanAssembly (188ms)
				ResolveRequiredComponents (3ms)
			ReleaseScriptCaches (1ms)
			RebuildScriptCaches (30ms)
			SetupLoadedEditorAssemblies (249ms)
				LogAssemblyErrors (0ms)
				InitializePlatformSupportModulesInManaged (26ms)
				SetLoadedEditorAssemblies (5ms)
				RefreshPlugins (1ms)
				BeforeProcessingInitializeOnLoad (40ms)
				ProcessInitializeOnLoadAttributes (157ms)
				ProcessInitializeOnLoadMethodAttributes (17ms)
				AfterProcessingInitializeOnLoad (3ms)
				EditorAssembliesLoaded (0ms)
			ExecutionOrderSort2 (0ms)
			AwakeInstancesAfterBackupRestoration (6ms)
Platform modules already initialized, skipping
Refreshing native plugins compatible for Editor in 1.65 ms, found 3 plugins.
Preloading 0 native plugins for Editor in 0.00 ms.
Unloading 3383 Unused Serialized files (Serialized files now loaded: 0)
Unloading 19 unused Assets / (32.5 KB). Loaded Objects now: 3883.
Memory consumption went from 0.51 GB to 0.51 GB.
Total: 3.904000 ms (FindLiveObjects: 0.301700 ms CreateObjectMapping: 0.096700 ms MarkObjects: 3.462800 ms  DeleteObjects: 0.041800 ms)

AssetImportParameters requested are different than current active one (requested -> active):
  custom:video-decoder-ogg-theora: a1e56fd34408186e4bbccfd4996cb3dc -> 
  custom:container-muxer-webm: aa71ff27fc2769a1b78a27578f13a17b -> 
  custom:container-demuxer-webm: 4f35f7cbe854078d1ac9338744f61a02 -> 
  custom:video-encoder-webm-vp8: eb34c28f22e8b96e1ab97ce403110664 -> 
  custom:video-codec-MediaFoundation-h265: 746d11721c4dcdbdad8f713fa42b33f4 -> 
  custom:audio-encoder-webm-vorbis: bf7c407c2cedff20999df2af8eb42d56 -> 
  custom:framework-win-MediaFoundation: 216162199b28c13a410421893ffa2e32 -> 
  custom:container-demuxer-ogg: 62fdf1f143b41e24485cea50d1cbac27 -> 
  custom:video-decoder-webm-vp8: 9c59270c3fd7afecdb556c50c9e8de78 -> 
  custom:audio-decoder-ogg-vorbis: bf7c407c2cedff20999df2af8eb42d56 -> 
========================================================================
Received Prepare
Registering precompiled user dll's ...
Registered in 0.003293 seconds.
Begin MonoManager ReloadAssembly
Symbol file data-000001D01C4CD020 doesn't match image C:\Users\diana\OneDrive\Documents\GitHub\EGD_game_a\Uber Simulator\Library\ScriptAssemblies\Unity.VisualScripting.Flow.Editor.dll
Symbol file LoadedFromMemory is not a mono symbol file
Symbol file data-000001CFFB300BB0 doesn't match image C:\Users\diana\OneDrive\Documents\GitHub\EGD_game_a\Uber Simulator\Library\ScriptAssemblies\Unity.VSCode.Editor.dll
Symbol file LoadedFromMemory is not a mono symbol file
Symbol file data-000001D020502CB0 doesn't match image C:\Users\diana\OneDrive\Documents\GitHub\EGD_game_a\Uber Simulator\Library\ScriptAssemblies\Unity.TextMeshPro.Editor.dll
Symbol file LoadedFromMemory is not a mono symbol file
Symbol file data-000001D062CC3010 doesn't match image C:\Users\diana\OneDrive\Documents\GitHub\EGD_game_a\Uber Simulator\Library\ScriptAssemblies\Unity.Services.Core.Telemetry.dll
Symbol file LoadedFromMemory is not a mono symbol file
Symbol file data-000001D01EF82010 doesn't match image C:\Users\diana\OneDrive\Documents\GitHub\EGD_game_a\Uber Simulator\Library\ScriptAssemblies\Unity.Performance.Profile-Analyzer.Editor.dll
Symbol file LoadedFromMemory is not a mono symbol file
Symbol file data-000001D062CC8C20 doesn't match image C:\Users\diana\OneDrive\Documents\GitHub\EGD_game_a\Uber Simulator\Library\ScriptAssemblies\Unity.TestTools.CodeCoverage.Editor.OpenCover.Model.dll
Symbol file LoadedFromMemory is not a mono symbol file
Symbol file data-000001D01E72E020 doesn't match image C:\Users\diana\OneDrive\Documents\GitHub\EGD_game_a\Uber Simulator\Library\ScriptAssemblies\Unity.Timeline.dll
Symbol file LoadedFromMemory is not a mono symbol file
Symbol file data-000001D06305A020 doesn't match image C:\Users\diana\OneDrive\Documents\GitHub\EGD_game_a\Uber Simulator\Library\ScriptAssemblies\Unity.VisualScripting.Core.Editor.dll
Symbol file LoadedFromMemory is not a mono symbol file
Symbol file data-000001D01E9A9030 doesn't match image C:\Users\diana\OneDrive\Documents\GitHub\EGD_game_a\Uber Simulator\Library\ScriptAssemblies\Unity.TextMeshPro.dll
Symbol file LoadedFromMemory is not a mono symbol file
Symbol file data-000001CFF7B4F010 doesn't match image C:\Users\diana\OneDrive\Documents\GitHub\EGD_game_a\Uber Simulator\Library\ScriptAssemblies\Unity.VisualScripting.State.Editor.dll
Symbol file LoadedFromMemory is not a mono symbol file
Symbol file data-000001CFF9AD4020 doesn't match image C:\Users\diana\OneDrive\Documents\GitHub\EGD_game_a\Uber Simulator\Library\ScriptAssemblies\Unity.Services.Core.Networking.dll
Symbol file LoadedFromMemory is not a mono symbol file
Symbol file data-000001CFF9AD4020 doesn't match image C:\Users\diana\OneDrive\Documents\GitHub\EGD_game_a\Uber Simulator\Library\ScriptAssemblies\Unity.VisualScripting.SettingsProvider.Editor.dll
Symbol file LoadedFromMemory is not a mono symbol file
Symbol file data-000001CFF9AD4020 doesn't match image C:\Users\diana\OneDrive\Documents\GitHub\EGD_game_a\Uber Simulator\Library\ScriptAssemblies\Unity.TestTools.CodeCoverage.Editor.OpenCover.Mono.Reflection.dll
Symbol file LoadedFromMemory is not a mono symbol file
Symbol file data-000001D01EFBB9F0 doesn't match image C:\Users\diana\OneDrive\Documents\GitHub\EGD_game_a\Uber Simulator\Library\ScriptAssemblies\Unity.VisualScripting.Flow.dll
Symbol file LoadedFromMemory is not a mono symbol file
Symbol file data-000001CFF7B4F010 doesn't match image C:\Users\diana\OneDrive\Documents\GitHub\EGD_game_a\Uber Simulator\Library\ScriptAssemblies\UnityEditor.UI.dll
Symbol file LoadedFromMemory is not a mono symbol file
Symbol file data-000001CFF9D34010 doesn't match image C:\Users\diana\OneDrive\Documents\GitHub\EGD_game_a\Uber Simulator\Library\ScriptAssemblies\Unity.PlasticSCM.Editor.dll
Symbol file LoadedFromMemory is not a mono symbol file
Symbol file data-000001CFD40B1AB0 doesn't match image C:\Users\diana\OneDrive\Documents\GitHub\EGD_game_a\Uber Simulator\Library\ScriptAssemblies\Unity.Services.Core.Internal.dll
Symbol file LoadedFromMemory is not a mono symbol file
Symbol file data-000001D01EA1D020 doesn't match image C:\Users\diana\OneDrive\Documents\GitHub\EGD_game_a\Uber Simulator\Library\ScriptAssemblies\UnityEngine.UI.dll
Symbol file LoadedFromMemory is not a mono symbol file
Symbol file data-000001CFF9AD4020 doesn't match image C:\Users\diana\OneDrive\Documents\GitHub\EGD_game_a\Uber Simulator\Library\ScriptAssemblies\Febucci.HierarchyIcons.dll
Symbol file LoadedFromMemory is not a mono symbol file
Symbol file data-000001CFF9AD4020 doesn't match image C:\Users\diana\OneDrive\Documents\GitHub\EGD_game_a\Uber Simulator\Library\ScriptAssemblies\Unity.Services.Core.Configuration.dll
Symbol file LoadedFromMemory is not a mono symbol file
Symbol file data-000001CFF9AD4020 doesn't match image C:\Users\diana\OneDrive\Documents\GitHub\EGD_game_a\Uber Simulator\Library\ScriptAssemblies\Unity.Services.Core.dll
Symbol file LoadedFromMemory is not a mono symbol file
Symbol file data-000001CFF95A3020 doesn't match image C:\Users\diana\OneDrive\Documents\GitHub\EGD_game_a\Uber Simulator\Library\ScriptAssemblies\Unity.VisualScripting.Core.dll
Symbol file LoadedFromMemory is not a mono symbol file
Symbol file data-000001CFF9AD4020 doesn't match image C:\Users\diana\OneDrive\Documents\GitHub\EGD_game_a\Uber Simulator\Library\ScriptAssemblies\Unity.EditorCoroutines.Editor.dll
Symbol file LoadedFromMemory is not a mono symbol file
Symbol file data-000001CFD40B1AB0 doesn't match image C:\Users\diana\OneDrive\Documents\GitHub\EGD_game_a\Uber Simulator\Library\ScriptAssemblies\Unity.Services.Core.Editor.dll
Symbol file LoadedFromMemory is not a mono symbol file
Symbol file data-000001CFF9AD4020 doesn't match image C:\Users\diana\OneDrive\Documents\GitHub\EGD_game_a\Uber Simulator\Library\ScriptAssemblies\Unity.Services.Core.Configuration.Editor.dll
Symbol file LoadedFromMemory is not a mono symbol file
Symbol file data-000001D01CA06030 doesn't match image C:\Users\diana\OneDrive\Documents\GitHub\EGD_game_a\Uber Simulator\Library\ScriptAssemblies\Unity.Services.Core.Analytics.dll
Symbol file LoadedFromMemory is not a mono symbol file
Symbol file data-000001CFFAA80020 doesn't match image C:\Users\diana\OneDrive\Documents\GitHub\EGD_game_a\Uber Simulator\Library\ScriptAssemblies\Unity.Services.Core.Registration.dll
Symbol file LoadedFromMemory is not a mono symbol file
Symbol file data-000001CFFAA80020 doesn't match image C:\Users\diana\OneDrive\Documents\GitHub\EGD_game_a\Uber Simulator\Library\ScriptAssemblies\Unity.VisualScripting.Shared.Editor.dll
Symbol file LoadedFromMemory is not a mono symbol file
Symbol file data-000001D01CA06030 doesn't match image C:\Users\diana\OneDrive\Documents\GitHub\EGD_game_a\Uber Simulator\Library\ScriptAssemblies\Unity.Services.Core.Environments.dll
Symbol file LoadedFromMemory is not a mono symbol file
Symbol file data-000001CFF90C8220 doesn't match image C:\Users\diana\OneDrive\Documents\GitHub\EGD_game_a\Uber Simulator\Library\ScriptAssemblies\Unity.Settings.Editor.dll
Symbol file LoadedFromMemory is not a mono symbol file
Symbol file data-000001CFFAA80020 doesn't match image C:\Users\diana\OneDrive\Documents\GitHub\EGD_game_a\Uber Simulator\Library\ScriptAssemblies\Unity.Services.Core.Scheduler.dll
Symbol file LoadedFromMemory is not a mono symbol file
Symbol file data-000001D01CA06030 doesn't match image C:\Users\diana\OneDrive\Documents\GitHub\EGD_game_a\Uber Simulator\Library\ScriptAssemblies\Unity.Services.Core.Environments.Internal.dll
Symbol file LoadedFromMemory is not a mono symbol file
Symbol file data-000001CFF74975B0 doesn't match image C:\Users\diana\OneDrive\Documents\GitHub\EGD_game_a\Uber Simulator\Library\ScriptAssemblies\Unity.Timeline.Editor.dll
Symbol file LoadedFromMemory is not a mono symbol file
Symbol file data-000001D0204DCE90 doesn't match image C:\Users\diana\OneDrive\Documents\GitHub\EGD_game_a\Uber Simulator\Library\ScriptAssemblies\Unity.CollabProxy.Editor.dll
Symbol file LoadedFromMemory is not a mono symbol file
Symbol file data-000001CFFAA80020 doesn't match image C:\Users\diana\OneDrive\Documents\GitHub\EGD_game_a\Uber Simulator\Library\ScriptAssemblies\Unity.Services.Core.Threading.dll
Symbol file LoadedFromMemory is not a mono symbol file
Symbol file data-000001D062CC8C20 doesn't match image C:\Users\diana\OneDrive\Documents\GitHub\EGD_game_a\Uber Simulator\Library\ScriptAssemblies\Unity.VisualScripting.State.dll
Symbol file LoadedFromMemory is not a mono symbol file
Symbol file data-000001CFFAA80020 doesn't match image C:\Users\diana\OneDrive\Documents\GitHub\EGD_game_a\Uber Simulator\Library\ScriptAssemblies\Unity.Services.Core.Device.dll
Symbol file LoadedFromMemory is not a mono symbol file
Symbol file LoadedFromMemory doesn't match image C:\Users\diana\OneDrive\Documents\GitHub\EGD_game_a\Uber Simulator\Library\PackageCache\com.unity.visualscripting@1.7.8\Editor\VisualScripting.Core\Dependencies\YamlDotNet\Unity.VisualScripting.YamlDotNet.dll
Symbol file LoadedFromMemory doesn't match image C:\Users\diana\OneDrive\Documents\GitHub\EGD_game_a\Uber Simulator\Library\PackageCache\com.unity.visualscripting@1.7.8\Editor\VisualScripting.Core\Dependencies\DotNetZip\Unity.VisualScripting.IonicZip.dll
Native extension for UWP target not found
Native extension for WindowsStandalone target not found
Native extension for iOS target not found
Native extension for Android target not found
Native extension for OSXStandalone target not found
Native extension for WebGL target not found
Refreshing native plugins compatible for Editor in 0.40 ms, found 3 plugins.
Preloading 0 native plugins for Editor in 0.00 ms.
Mono: successfully reloaded assembly
- Completed reload, in  0.686 seconds
Domain Reload Profiling:
	ReloadAssembly (687ms)
		BeginReloadAssembly (76ms)
			ExecutionOrderSort (0ms)
			DisableScriptedObjects (2ms)
			BackupInstance (0ms)
			ReleaseScriptingObjects (0ms)
			CreateAndSetChildDomain (21ms)
		EndReloadAssembly (556ms)
			LoadAssemblies (49ms)
			RebuildTransferFunctionScriptingTraits (0ms)
			SetupTypeCache (173ms)
				TypeCache.Initialize (170ms)
					TypeCache.ScanAssembly (166ms)
				ResolveRequiredComponents (3ms)
			ReleaseScriptCaches (1ms)
			RebuildScriptCaches (29ms)
			SetupLoadedEditorAssemblies (254ms)
				LogAssemblyErrors (0ms)
				InitializePlatformSupportModulesInManaged (27ms)
				SetLoadedEditorAssemblies (5ms)
				RefreshPlugins (0ms)
				BeforeProcessingInitializeOnLoad (40ms)
				ProcessInitializeOnLoadAttributes (159ms)
				ProcessInitializeOnLoadMethodAttributes (18ms)
				AfterProcessingInitializeOnLoad (4ms)
				EditorAssembliesLoaded (0ms)
			ExecutionOrderSort2 (0ms)
			AwakeInstancesAfterBackupRestoration (6ms)
Platform modules already initialized, skipping
Refreshing native plugins compatible for Editor in 1.20 ms, found 3 plugins.
Preloading 0 native plugins for Editor in 0.00 ms.
Unloading 3383 Unused Serialized files (Serialized files now loaded: 0)
Unloading 19 unused Assets / (32.6 KB). Loaded Objects now: 3886.
Memory consumption went from 0.51 GB to 0.51 GB.
Total: 3.804900 ms (FindLiveObjects: 0.174000 ms CreateObjectMapping: 0.049800 ms MarkObjects: 3.553300 ms  DeleteObjects: 0.026900 ms)

AssetImportParameters requested are different than current active one (requested -> active):
  custom:video-decoder-ogg-theora: a1e56fd34408186e4bbccfd4996cb3dc -> 
  custom:container-muxer-webm: aa71ff27fc2769a1b78a27578f13a17b -> 
  custom:container-demuxer-webm: 4f35f7cbe854078d1ac9338744f61a02 -> 
  custom:video-encoder-webm-vp8: eb34c28f22e8b96e1ab97ce403110664 -> 
  custom:video-codec-MediaFoundation-h265: 746d11721c4dcdbdad8f713fa42b33f4 -> 
  custom:audio-encoder-webm-vorbis: bf7c407c2cedff20999df2af8eb42d56 -> 
  custom:framework-win-MediaFoundation: 216162199b28c13a410421893ffa2e32 -> 
  custom:container-demuxer-ogg: 62fdf1f143b41e24485cea50d1cbac27 -> 
  custom:video-decoder-webm-vp8: 9c59270c3fd7afecdb556c50c9e8de78 -> 
  custom:audio-decoder-ogg-vorbis: bf7c407c2cedff20999df2af8eb42d56 -> 
========================================================================
Received Prepare
Registering precompiled user dll's ...
Registered in 0.002405 seconds.
Begin MonoManager ReloadAssembly
Symbol file data-000001D01C4CD020 doesn't match image C:\Users\diana\OneDrive\Documents\GitHub\EGD_game_a\Uber Simulator\Library\ScriptAssemblies\Unity.VisualScripting.Flow.Editor.dll
Symbol file LoadedFromMemory is not a mono symbol file
Symbol file data-000001CFF9A8F010 doesn't match image C:\Users\diana\OneDrive\Documents\GitHub\EGD_game_a\Uber Simulator\Library\ScriptAssemblies\Unity.VSCode.Editor.dll
Symbol file LoadedFromMemory is not a mono symbol file
Symbol file data-000001D020502CB0 doesn't match image C:\Users\diana\OneDrive\Documents\GitHub\EGD_game_a\Uber Simulator\Library\ScriptAssemblies\Unity.TextMeshPro.Editor.dll
Symbol file LoadedFromMemory is not a mono symbol file
Symbol file data-000001D01CAC8020 doesn't match image C:\Users\diana\OneDrive\Documents\GitHub\EGD_game_a\Uber Simulator\Library\ScriptAssemblies\Unity.Services.Core.Telemetry.dll
Symbol file LoadedFromMemory is not a mono symbol file
Symbol file data-000001D01BE07010 doesn't match image C:\Users\diana\OneDrive\Documents\GitHub\EGD_game_a\Uber Simulator\Library\ScriptAssemblies\Unity.Performance.Profile-Analyzer.Editor.dll
Symbol file LoadedFromMemory is not a mono symbol file
Symbol file data-000001D01CAC8020 doesn't match image C:\Users\diana\OneDrive\Documents\GitHub\EGD_game_a\Uber Simulator\Library\ScriptAssemblies\Unity.TestTools.CodeCoverage.Editor.OpenCover.Model.dll
Symbol file LoadedFromMemory is not a mono symbol file
Symbol file data-000001D01E72E020 doesn't match image C:\Users\diana\OneDrive\Documents\GitHub\EGD_game_a\Uber Simulator\Library\ScriptAssemblies\Unity.Timeline.dll
Symbol file LoadedFromMemory is not a mono symbol file
Symbol file data-000001CFF93AC010 doesn't match image C:\Users\diana\OneDrive\Documents\GitHub\EGD_game_a\Uber Simulator\Library\ScriptAssemblies\Unity.VisualScripting.Core.Editor.dll
Symbol file LoadedFromMemory is not a mono symbol file
Symbol file data-000001D01EDB7010 doesn't match image C:\Users\diana\OneDrive\Documents\GitHub\EGD_game_a\Uber Simulator\Library\ScriptAssemblies\Unity.TextMeshPro.dll
Symbol file LoadedFromMemory is not a mono symbol file
Symbol file data-000001CFF9C45B20 doesn't match image C:\Users\diana\OneDrive\Documents\GitHub\EGD_game_a\Uber Simulator\Library\ScriptAssemblies\Unity.VisualScripting.State.Editor.dll
Symbol file LoadedFromMemory is not a mono symbol file
Symbol file data-000001D01CAC8020 doesn't match image C:\Users\diana\OneDrive\Documents\GitHub\EGD_game_a\Uber Simulator\Library\ScriptAssemblies\Unity.Services.Core.Networking.dll
Symbol file LoadedFromMemory is not a mono symbol file
Symbol file data-000001D01CAC8020 doesn't match image C:\Users\diana\OneDrive\Documents\GitHub\EGD_game_a\Uber Simulator\Library\ScriptAssemblies\Unity.VisualScripting.SettingsProvider.Editor.dll
Symbol file LoadedFromMemory is not a mono symbol file
Symbol file data-000001D01CAC8020 doesn't match image C:\Users\diana\OneDrive\Documents\GitHub\EGD_game_a\Uber Simulator\Library\ScriptAssemblies\Unity.TestTools.CodeCoverage.Editor.OpenCover.Mono.Reflection.dll
Symbol file LoadedFromMemory is not a mono symbol file
Symbol file data-000001D01EDB7010 doesn't match image C:\Users\diana\OneDrive\Documents\GitHub\EGD_game_a\Uber Simulator\Library\ScriptAssemblies\Unity.VisualScripting.Flow.dll
Symbol file LoadedFromMemory is not a mono symbol file
Symbol file data-000001CFF9C45B20 doesn't match image C:\Users\diana\OneDrive\Documents\GitHub\EGD_game_a\Uber Simulator\Library\ScriptAssemblies\UnityEditor.UI.dll
Symbol file LoadedFromMemory is not a mono symbol file
Symbol file data-000001CFF9D34010 doesn't match image C:\Users\diana\OneDrive\Documents\GitHub\EGD_game_a\Uber Simulator\Library\ScriptAssemblies\Unity.PlasticSCM.Editor.dll
Symbol file LoadedFromMemory is not a mono symbol file
Symbol file data-000001CFFB2FCBA0 doesn't match image C:\Users\diana\OneDrive\Documents\GitHub\EGD_game_a\Uber Simulator\Library\ScriptAssemblies\Unity.Services.Core.Internal.dll
Symbol file LoadedFromMemory is not a mono symbol file
Symbol file data-000001D0207DFBB0 doesn't match image C:\Users\diana\OneDrive\Documents\GitHub\EGD_game_a\Uber Simulator\Library\ScriptAssemblies\UnityEngine.UI.dll
Symbol file LoadedFromMemory is not a mono symbol file
Symbol file data-000001D01CAC8020 doesn't match image C:\Users\diana\OneDrive\Documents\GitHub\EGD_game_a\Uber Simulator\Library\ScriptAssemblies\Febucci.HierarchyIcons.dll
Symbol file LoadedFromMemory is not a mono symbol file
Symbol file data-000001D01CAC8020 doesn't match image C:\Users\diana\OneDrive\Documents\GitHub\EGD_game_a\Uber Simulator\Library\ScriptAssemblies\Unity.Services.Core.Configuration.dll
Symbol file LoadedFromMemory is not a mono symbol file
Symbol file data-000001D01C193010 doesn't match image C:\Users\diana\OneDrive\Documents\GitHub\EGD_game_a\Uber Simulator\Library\ScriptAssemblies\Unity.Services.Core.dll
Symbol file LoadedFromMemory is not a mono symbol file
Symbol file data-000001D061F22020 doesn't match image C:\Users\diana\OneDrive\Documents\GitHub\EGD_game_a\Uber Simulator\Library\ScriptAssemblies\Unity.VisualScripting.Core.dll
Symbol file LoadedFromMemory is not a mono symbol file
Symbol file data-000001D01C193010 doesn't match image C:\Users\diana\OneDrive\Documents\GitHub\EGD_game_a\Uber Simulator\Library\ScriptAssemblies\Unity.EditorCoroutines.Editor.dll
Symbol file LoadedFromMemory is not a mono symbol file
Symbol file data-000001CFFB2FCBA0 doesn't match image C:\Users\diana\OneDrive\Documents\GitHub\EGD_game_a\Uber Simulator\Library\ScriptAssemblies\Unity.Services.Core.Editor.dll
Symbol file LoadedFromMemory is not a mono symbol file
Symbol file data-000001D01C193010 doesn't match image C:\Users\diana\OneDrive\Documents\GitHub\EGD_game_a\Uber Simulator\Library\ScriptAssemblies\Unity.Services.Core.Configuration.Editor.dll
Symbol file LoadedFromMemory is not a mono symbol file
Symbol file data-000001D01CACAE30 doesn't match image C:\Users\diana\OneDrive\Documents\GitHub\EGD_game_a\Uber Simulator\Library\ScriptAssemblies\Unity.Services.Core.Analytics.dll
Symbol file LoadedFromMemory is not a mono symbol file
Symbol file data-000001D01DE80010 doesn't match image C:\Users\diana\OneDrive\Documents\GitHub\EGD_game_a\Uber Simulator\Library\ScriptAssemblies\Unity.Services.Core.Registration.dll
Symbol file LoadedFromMemory is not a mono symbol file
Symbol file data-000001D01DE80010 doesn't match image C:\Users\diana\OneDrive\Documents\GitHub\EGD_game_a\Uber Simulator\Library\ScriptAssemblies\Unity.VisualScripting.Shared.Editor.dll
Symbol file LoadedFromMemory is not a mono symbol file
Symbol file data-000001D01CACAE30 doesn't match image C:\Users\diana\OneDrive\Documents\GitHub\EGD_game_a\Uber Simulator\Library\ScriptAssemblies\Unity.Services.Core.Environments.dll
Symbol file LoadedFromMemory is not a mono symbol file
Symbol file data-000001D01DE80010 doesn't match image C:\Users\diana\OneDrive\Documents\GitHub\EGD_game_a\Uber Simulator\Library\ScriptAssemblies\Unity.Settings.Editor.dll
Symbol file LoadedFromMemory is not a mono symbol file
Symbol file data-000001D01DE80010 doesn't match image C:\Users\diana\OneDrive\Documents\GitHub\EGD_game_a\Uber Simulator\Library\ScriptAssemblies\Unity.Services.Core.Scheduler.dll
Symbol file LoadedFromMemory is not a mono symbol file
Symbol file data-000001D01DE80010 doesn't match image C:\Users\diana\OneDrive\Documents\GitHub\EGD_game_a\Uber Simulator\Library\ScriptAssemblies\Unity.Services.Core.Environments.Internal.dll
Symbol file LoadedFromMemory is not a mono symbol file
Symbol file data-000001CFF74975B0 doesn't match image C:\Users\diana\OneDrive\Documents\GitHub\EGD_game_a\Uber Simulator\Library\ScriptAssemblies\Unity.Timeline.Editor.dll
Symbol file LoadedFromMemory is not a mono symbol file
Symbol file data-000001D0204DCE90 doesn't match image C:\Users\diana\OneDrive\Documents\GitHub\EGD_game_a\Uber Simulator\Library\ScriptAssemblies\Unity.CollabProxy.Editor.dll
Symbol file LoadedFromMemory is not a mono symbol file
Symbol file data-000001D01DE80010 doesn't match image C:\Users\diana\OneDrive\Documents\GitHub\EGD_game_a\Uber Simulator\Library\ScriptAssemblies\Unity.Services.Core.Threading.dll
Symbol file LoadedFromMemory is not a mono symbol file
Symbol file data-000001CFFB38AE00 doesn't match image C:\Users\diana\OneDrive\Documents\GitHub\EGD_game_a\Uber Simulator\Library\ScriptAssemblies\Unity.VisualScripting.State.dll
Symbol file LoadedFromMemory is not a mono symbol file
Symbol file data-000001CFFB38AE00 doesn't match image C:\Users\diana\OneDrive\Documents\GitHub\EGD_game_a\Uber Simulator\Library\ScriptAssemblies\Unity.Services.Core.Device.dll
Symbol file LoadedFromMemory is not a mono symbol file
Symbol file LoadedFromMemory doesn't match image C:\Users\diana\OneDrive\Documents\GitHub\EGD_game_a\Uber Simulator\Library\PackageCache\com.unity.visualscripting@1.7.8\Editor\VisualScripting.Core\Dependencies\YamlDotNet\Unity.VisualScripting.YamlDotNet.dll
Symbol file LoadedFromMemory doesn't match image C:\Users\diana\OneDrive\Documents\GitHub\EGD_game_a\Uber Simulator\Library\PackageCache\com.unity.visualscripting@1.7.8\Editor\VisualScripting.Core\Dependencies\DotNetZip\Unity.VisualScripting.IonicZip.dll
Native extension for UWP target not found
Native extension for WindowsStandalone target not found
Native extension for iOS target not found
Native extension for Android target not found
Native extension for OSXStandalone target not found
Native extension for WebGL target not found
Refreshing native plugins compatible for Editor in 0.44 ms, found 3 plugins.
Preloading 0 native plugins for Editor in 0.00 ms.
Mono: successfully reloaded assembly
- Completed reload, in  0.673 seconds
Domain Reload Profiling:
	ReloadAssembly (674ms)
		BeginReloadAssembly (76ms)
			ExecutionOrderSort (0ms)
			DisableScriptedObjects (2ms)
			BackupInstance (0ms)
			ReleaseScriptingObjects (0ms)
			CreateAndSetChildDomain (22ms)
		EndReloadAssembly (546ms)
			LoadAssemblies (47ms)
			RebuildTransferFunctionScriptingTraits (0ms)
			SetupTypeCache (165ms)
				TypeCache.Initialize (162ms)
					TypeCache.ScanAssembly (158ms)
				ResolveRequiredComponents (3ms)
			ReleaseScriptCaches (1ms)
			RebuildScriptCaches (29ms)
			SetupLoadedEditorAssemblies (253ms)
				LogAssemblyErrors (0ms)
				InitializePlatformSupportModulesInManaged (25ms)
				SetLoadedEditorAssemblies (5ms)
				RefreshPlugins (0ms)
				BeforeProcessingInitializeOnLoad (42ms)
				ProcessInitializeOnLoadAttributes (159ms)
				ProcessInitializeOnLoadMethodAttributes (17ms)
				AfterProcessingInitializeOnLoad (4ms)
				EditorAssembliesLoaded (0ms)
			ExecutionOrderSort2 (0ms)
			AwakeInstancesAfterBackupRestoration (6ms)
Platform modules already initialized, skipping
Refreshing native plugins compatible for Editor in 1.16 ms, found 3 plugins.
Preloading 0 native plugins for Editor in 0.00 ms.
Unloading 3383 Unused Serialized files (Serialized files now loaded: 0)
Unloading 19 unused Assets / (32.5 KB). Loaded Objects now: 3889.
Memory consumption went from 0.51 GB to 0.51 GB.
Total: 3.087900 ms (FindLiveObjects: 0.301200 ms CreateObjectMapping: 0.098200 ms MarkObjects: 2.658500 ms  DeleteObjects: 0.028600 ms)

AssetImportParameters requested are different than current active one (requested -> active):
  custom:video-decoder-ogg-theora: a1e56fd34408186e4bbccfd4996cb3dc -> 
  custom:container-muxer-webm: aa71ff27fc2769a1b78a27578f13a17b -> 
  custom:container-demuxer-webm: 4f35f7cbe854078d1ac9338744f61a02 -> 
  custom:video-encoder-webm-vp8: eb34c28f22e8b96e1ab97ce403110664 -> 
  custom:video-codec-MediaFoundation-h265: 746d11721c4dcdbdad8f713fa42b33f4 -> 
  custom:audio-encoder-webm-vorbis: bf7c407c2cedff20999df2af8eb42d56 -> 
  custom:framework-win-MediaFoundation: 216162199b28c13a410421893ffa2e32 -> 
  custom:container-demuxer-ogg: 62fdf1f143b41e24485cea50d1cbac27 -> 
  custom:video-decoder-webm-vp8: 9c59270c3fd7afecdb556c50c9e8de78 -> 
  custom:audio-decoder-ogg-vorbis: bf7c407c2cedff20999df2af8eb42d56 -> 
